2020-08-21 12:12:41,789 0      [           main] INFO  web.WebTestContextBootstrapper  - Loaded default TestExecutionListener class names from location [META-INF/spring.factories]: [org.springframework.test.context.web.ServletTestExecutionListener, org.springframework.test.context.support.DirtiesContextBeforeModesTestExecutionListener, org.springframework.test.context.support.DependencyInjectionTestExecutionListener, org.springframework.test.context.support.DirtiesContextTestExecutionListener, org.springframework.test.context.transaction.TransactionalTestExecutionListener, org.springframework.test.context.jdbc.SqlScriptsTestExecutionListener]
2020-08-21 12:12:41,804 15     [           main] INFO  web.WebTestContextBootstrapper  - Using TestExecutionListeners: [org.springframework.test.context.web.ServletTestExecutionListener@5702b3b1, org.springframework.test.context.support.DirtiesContextBeforeModesTestExecutionListener@69ea3742, org.springframework.test.context.support.DependencyInjectionTestExecutionListener@4b952a2d, org.springframework.test.context.support.DirtiesContextTestExecutionListener@3159c4b8, org.springframework.test.context.transaction.TransactionalTestExecutionListener@73846619, org.springframework.test.context.jdbc.SqlScriptsTestExecutionListener@4bec1f0c]
2020-08-21 12:12:41,851 62     [           main] ERROR est.context.TestContextManager  - Caught exception while allowing TestExecutionListener [org.springframework.test.context.web.ServletTestExecutionListener@5702b3b1] to prepare test instance [com.lpbcode.test.MvcTest@38bc8ab5]
java.lang.NoClassDefFoundError: javax/servlet/SessionCookieConfig
	at org.springframework.test.context.web.AbstractGenericWebContextLoader.configureWebResources(AbstractGenericWebContextLoader.java:199)
	at org.springframework.test.context.web.AbstractGenericWebContextLoader.loadContext(AbstractGenericWebContextLoader.java:126)
	at org.springframework.test.context.web.AbstractGenericWebContextLoader.loadContext(AbstractGenericWebContextLoader.java:61)
	at org.springframework.test.context.support.AbstractDelegatingSmartContextLoader.delegateLoading(AbstractDelegatingSmartContextLoader.java:109)
	at org.springframework.test.context.support.AbstractDelegatingSmartContextLoader.loadContext(AbstractDelegatingSmartContextLoader.java:246)
	at org.springframework.test.context.cache.DefaultCacheAwareContextLoaderDelegate.loadContextInternal(DefaultCacheAwareContextLoaderDelegate.java:99)
	at org.springframework.test.context.cache.DefaultCacheAwareContextLoaderDelegate.loadContext(DefaultCacheAwareContextLoaderDelegate.java:117)
	at org.springframework.test.context.support.DefaultTestContext.getApplicationContext(DefaultTestContext.java:107)
	at org.springframework.test.context.web.ServletTestExecutionListener.setUpRequestContextIfNecessary(ServletTestExecutionListener.java:190)
	at org.springframework.test.context.web.ServletTestExecutionListener.prepareTestInstance(ServletTestExecutionListener.java:132)
	at org.springframework.test.context.TestContextManager.prepareTestInstance(TestContextManager.java:242)
	at org.springframework.test.context.junit4.SpringJUnit4ClassRunner.createTest(SpringJUnit4ClassRunner.java:227)
	at org.springframework.test.context.junit4.SpringJUnit4ClassRunner$1.runReflectiveCall(SpringJUnit4ClassRunner.java:289)
	at org.junit.internal.runners.model.ReflectiveCallable.run(ReflectiveCallable.java:12)
	at org.springframework.test.context.junit4.SpringJUnit4ClassRunner.methodBlock(SpringJUnit4ClassRunner.java:291)
	at org.springframework.test.context.junit4.SpringJUnit4ClassRunner.runChild(SpringJUnit4ClassRunner.java:246)
	at org.springframework.test.context.junit4.SpringJUnit4ClassRunner.runChild(SpringJUnit4ClassRunner.java:97)
	at org.junit.runners.ParentRunner$3.run(ParentRunner.java:290)
	at org.junit.runners.ParentRunner$1.schedule(ParentRunner.java:71)
	at org.junit.runners.ParentRunner.runChildren(ParentRunner.java:288)
	at org.junit.runners.ParentRunner.access$000(ParentRunner.java:58)
	at org.junit.runners.ParentRunner$2.evaluate(ParentRunner.java:268)
	at org.springframework.test.context.junit4.statements.RunBeforeTestClassCallbacks.evaluate(RunBeforeTestClassCallbacks.java:61)
	at org.springframework.test.context.junit4.statements.RunAfterTestClassCallbacks.evaluate(RunAfterTestClassCallbacks.java:70)
	at org.junit.runners.ParentRunner.run(ParentRunner.java:363)
	at org.springframework.test.context.junit4.SpringJUnit4ClassRunner.run(SpringJUnit4ClassRunner.java:190)
	at org.junit.runner.JUnitCore.run(JUnitCore.java:137)
	at com.intellij.junit4.JUnit4IdeaTestRunner.startRunnerWithArgs(JUnit4IdeaTestRunner.java:68)
	at com.intellij.rt.junit.IdeaTestRunner$Repeater.startRunnerWithArgs(IdeaTestRunner.java:33)
	at com.intellij.rt.junit.JUnitStarter.prepareStreamsAndStart(JUnitStarter.java:230)
	at com.intellij.rt.junit.JUnitStarter.main(JUnitStarter.java:58)
Caused by: java.lang.ClassNotFoundException: javax.servlet.SessionCookieConfig
	at java.net.URLClassLoader.findClass(URLClassLoader.java:382)
	at java.lang.ClassLoader.loadClass(ClassLoader.java:424)
	at sun.misc.Launcher$AppClassLoader.loadClass(Launcher.java:349)
	at java.lang.ClassLoader.loadClass(ClassLoader.java:357)
	... 31 more
2020-08-21 12:15:22,225 0      [           main] INFO  web.WebTestContextBootstrapper  - Loaded default TestExecutionListener class names from location [META-INF/spring.factories]: [org.springframework.test.context.web.ServletTestExecutionListener, org.springframework.test.context.support.DirtiesContextBeforeModesTestExecutionListener, org.springframework.test.context.support.DependencyInjectionTestExecutionListener, org.springframework.test.context.support.DirtiesContextTestExecutionListener, org.springframework.test.context.transaction.TransactionalTestExecutionListener, org.springframework.test.context.jdbc.SqlScriptsTestExecutionListener]
2020-08-21 12:15:22,240 15     [           main] INFO  web.WebTestContextBootstrapper  - Using TestExecutionListeners: [org.springframework.test.context.web.ServletTestExecutionListener@5702b3b1, org.springframework.test.context.support.DirtiesContextBeforeModesTestExecutionListener@69ea3742, org.springframework.test.context.support.DependencyInjectionTestExecutionListener@4b952a2d, org.springframework.test.context.support.DirtiesContextTestExecutionListener@3159c4b8, org.springframework.test.context.transaction.TransactionalTestExecutionListener@73846619, org.springframework.test.context.jdbc.SqlScriptsTestExecutionListener@4bec1f0c]
2020-08-21 12:15:22,303 78     [           main] INFO  ry.xml.XmlBeanDefinitionReader  - Loading XML bean definitions from class path resource [applicationContext.xml]
2020-08-21 12:15:22,513 288    [           main] INFO  ry.xml.XmlBeanDefinitionReader  - Loading XML bean definitions from class path resource [springmvc.xml]
2020-08-21 12:15:22,614 389    [           main] INFO  t.GenericWebApplicationContext  - Refreshing org.springframework.web.context.support.GenericWebApplicationContext@9660f4e: startup date [Fri Aug 21 12:15:22 CST 2020]; root of context hierarchy
2020-08-21 12:15:22,929 704    [           main] INFO         com.mchange.v2.log.MLog  - MLog clients using log4j logging.
2020-08-21 12:15:23,115 890    [           main] INFO  m.mchange.v2.c3p0.C3P0Registry  - Initializing c3p0-0.9.1.2 [built 21-May-2007 15:04:56; debug? true; trace: 10]
2020-08-21 12:15:23,810 1585   [           main] INFO  andler.SimpleUrlHandlerMapping  - Mapped URL path [/**] onto handler 'org.springframework.web.servlet.resource.DefaultServletHttpRequestHandler#0'
2020-08-21 12:15:23,876 1651   [           main] INFO  n.RequestMappingHandlerMapping  - Mapped "{[/emps]}" onto public java.lang.String com.lpbcode.controller.EmployeeController.getEmps(java.lang.Integer,org.springframework.ui.Model)
2020-08-21 12:15:23,931 1706   [           main] INFO  n.RequestMappingHandlerAdapter  - Looking for @ControllerAdvice: org.springframework.web.context.support.GenericWebApplicationContext@9660f4e: startup date [Fri Aug 21 12:15:22 CST 2020]; root of context hierarchy
2020-08-21 12:15:23,963 1738   [           main] INFO  n.RequestMappingHandlerAdapter  - Looking for @ControllerAdvice: org.springframework.web.context.support.GenericWebApplicationContext@9660f4e: startup date [Fri Aug 21 12:15:22 CST 2020]; root of context hierarchy
2020-08-21 12:15:24,045 1820   [           main] INFO  rk.mock.web.MockServletContext  - Initializing Spring FrameworkServlet ''
2020-08-21 12:15:24,045 1820   [           main] INFO  .servlet.TestDispatcherServlet  - FrameworkServlet '': initialization started
2020-08-21 12:15:24,058 1833   [           main] INFO  .servlet.TestDispatcherServlet  - FrameworkServlet '': initialization completed in 13 ms
2020-08-21 12:15:24,129 1904   [           main] INFO  l.AbstractPoolBackedDataSource  - Initializing c3p0 pool... com.mchange.v2.c3p0.ComboPooledDataSource [ acquireIncrement -> 3, acquireRetryAttempts -> 30, acquireRetryDelay -> 1000, autoCommitOnClose -> false, automaticTestTable -> null, breakAfterAcquireFailure -> false, checkoutTimeout -> 0, connectionCustomizerClassName -> null, connectionTesterClassName -> com.mchange.v2.c3p0.impl.DefaultConnectionTester, dataSourceName -> 1hge0yyac4840ge1fmhc7k|6c1a5b54, debugUnreturnedConnectionStackTraces -> false, description -> null, driverClass -> com.mysql.jdbc.Driver, factoryClassLocation -> null, forceIgnoreUnresolvedTransactions -> false, identityToken -> 1hge0yyac4840ge1fmhc7k|6c1a5b54, idleConnectionTestPeriod -> 0, initialPoolSize -> 3, jdbcUrl -> jdbc:mysql://localhost:3306/ssm2, maxAdministrativeTaskTime -> 0, maxConnectionAge -> 0, maxIdleTime -> 0, maxIdleTimeExcessConnections -> 0, maxPoolSize -> 15, maxStatements -> 0, maxStatementsPerConnection -> 0, minPoolSize -> 3, numHelperThreads -> 3, numThreadsAwaitingCheckoutDefaultUser -> 0, preferredTestQuery -> null, properties -> {user=******, password=******}, propertyCycle -> 0, testConnectionOnCheckin -> false, testConnectionOnCheckout -> false, unreturnedConnectionTimeout -> 0, usesTraditionalReflectiveProxies -> false ]
2020-08-21 12:15:24,407 2182   [       Thread-1] INFO  t.GenericWebApplicationContext  - Closing org.springframework.web.context.support.GenericWebApplicationContext@9660f4e: startup date [Fri Aug 21 12:15:22 CST 2020]; root of context hierarchy
2020-08-21 12:24:42,685 0      [           main] INFO  web.WebTestContextBootstrapper  - Loaded default TestExecutionListener class names from location [META-INF/spring.factories]: [org.springframework.test.context.web.ServletTestExecutionListener, org.springframework.test.context.support.DirtiesContextBeforeModesTestExecutionListener, org.springframework.test.context.support.DependencyInjectionTestExecutionListener, org.springframework.test.context.support.DirtiesContextTestExecutionListener, org.springframework.test.context.transaction.TransactionalTestExecutionListener, org.springframework.test.context.jdbc.SqlScriptsTestExecutionListener]
2020-08-21 12:24:42,701 16     [           main] INFO  web.WebTestContextBootstrapper  - Using TestExecutionListeners: [org.springframework.test.context.web.ServletTestExecutionListener@5702b3b1, org.springframework.test.context.support.DirtiesContextBeforeModesTestExecutionListener@69ea3742, org.springframework.test.context.support.DependencyInjectionTestExecutionListener@4b952a2d, org.springframework.test.context.support.DirtiesContextTestExecutionListener@3159c4b8, org.springframework.test.context.transaction.TransactionalTestExecutionListener@73846619, org.springframework.test.context.jdbc.SqlScriptsTestExecutionListener@4bec1f0c]
2020-08-21 12:24:42,767 82     [           main] INFO  ry.xml.XmlBeanDefinitionReader  - Loading XML bean definitions from class path resource [applicationContext.xml]
2020-08-21 12:24:42,958 273    [           main] INFO  ry.xml.XmlBeanDefinitionReader  - Loading XML bean definitions from class path resource [springmvc.xml]
2020-08-21 12:24:43,012 327    [           main] INFO  t.GenericWebApplicationContext  - Refreshing org.springframework.web.context.support.GenericWebApplicationContext@9660f4e: startup date [Fri Aug 21 12:24:43 CST 2020]; root of context hierarchy
2020-08-21 12:24:43,281 596    [           main] INFO         com.mchange.v2.log.MLog  - MLog clients using log4j logging.
2020-08-21 12:24:43,500 815    [           main] INFO  m.mchange.v2.c3p0.C3P0Registry  - Initializing c3p0-0.9.1.2 [built 21-May-2007 15:04:56; debug? true; trace: 10]
2020-08-21 12:24:44,109 1424   [           main] INFO  andler.SimpleUrlHandlerMapping  - Mapped URL path [/**] onto handler 'org.springframework.web.servlet.resource.DefaultServletHttpRequestHandler#0'
2020-08-21 12:24:44,177 1492   [           main] INFO  n.RequestMappingHandlerMapping  - Mapped "{[/emps]}" onto public java.lang.String com.lpbcode.controller.EmployeeController.getEmps(java.lang.Integer,org.springframework.ui.Model)
2020-08-21 12:24:44,231 1546   [           main] INFO  n.RequestMappingHandlerAdapter  - Looking for @ControllerAdvice: org.springframework.web.context.support.GenericWebApplicationContext@9660f4e: startup date [Fri Aug 21 12:24:43 CST 2020]; root of context hierarchy
2020-08-21 12:24:44,261 1576   [           main] INFO  n.RequestMappingHandlerAdapter  - Looking for @ControllerAdvice: org.springframework.web.context.support.GenericWebApplicationContext@9660f4e: startup date [Fri Aug 21 12:24:43 CST 2020]; root of context hierarchy
2020-08-21 12:24:44,343 1658   [           main] INFO  rk.mock.web.MockServletContext  - Initializing Spring FrameworkServlet ''
2020-08-21 12:24:44,343 1658   [           main] INFO  .servlet.TestDispatcherServlet  - FrameworkServlet '': initialization started
2020-08-21 12:24:44,355 1670   [           main] INFO  .servlet.TestDispatcherServlet  - FrameworkServlet '': initialization completed in 12 ms
2020-08-21 12:24:44,374 1689   [           main] WARN  ework.web.servlet.PageNotFound  - No mapping found for HTTP request with URI [emps] in DispatcherServlet with name ''
2020-08-21 12:24:44,389 1704   [       Thread-1] INFO  t.GenericWebApplicationContext  - Closing org.springframework.web.context.support.GenericWebApplicationContext@9660f4e: startup date [Fri Aug 21 12:24:43 CST 2020]; root of context hierarchy
2020-08-21 12:36:29,394 0      [           main] INFO  web.WebTestContextBootstrapper  - Loaded default TestExecutionListener class names from location [META-INF/spring.factories]: [org.springframework.test.context.web.ServletTestExecutionListener, org.springframework.test.context.support.DirtiesContextBeforeModesTestExecutionListener, org.springframework.test.context.support.DependencyInjectionTestExecutionListener, org.springframework.test.context.support.DirtiesContextTestExecutionListener, org.springframework.test.context.transaction.TransactionalTestExecutionListener, org.springframework.test.context.jdbc.SqlScriptsTestExecutionListener]
2020-08-21 12:36:29,408 14     [           main] INFO  web.WebTestContextBootstrapper  - Using TestExecutionListeners: [org.springframework.test.context.web.ServletTestExecutionListener@5702b3b1, org.springframework.test.context.support.DirtiesContextBeforeModesTestExecutionListener@69ea3742, org.springframework.test.context.support.DependencyInjectionTestExecutionListener@4b952a2d, org.springframework.test.context.support.DirtiesContextTestExecutionListener@3159c4b8, org.springframework.test.context.transaction.TransactionalTestExecutionListener@73846619, org.springframework.test.context.jdbc.SqlScriptsTestExecutionListener@4bec1f0c]
2020-08-21 12:36:29,471 77     [           main] INFO  ry.xml.XmlBeanDefinitionReader  - Loading XML bean definitions from class path resource [applicationContext.xml]
2020-08-21 12:36:29,664 270    [           main] INFO  ry.xml.XmlBeanDefinitionReader  - Loading XML bean definitions from class path resource [springmvc.xml]
2020-08-21 12:36:29,768 374    [           main] INFO  t.GenericWebApplicationContext  - Refreshing org.springframework.web.context.support.GenericWebApplicationContext@9660f4e: startup date [Fri Aug 21 12:36:29 CST 2020]; root of context hierarchy
2020-08-21 12:36:30,049 655    [           main] INFO         com.mchange.v2.log.MLog  - MLog clients using log4j logging.
2020-08-21 12:36:30,215 821    [           main] INFO  m.mchange.v2.c3p0.C3P0Registry  - Initializing c3p0-0.9.1.2 [built 21-May-2007 15:04:56; debug? true; trace: 10]
2020-08-21 12:36:30,804 1410   [           main] INFO  andler.SimpleUrlHandlerMapping  - Mapped URL path [/**] onto handler 'org.springframework.web.servlet.resource.DefaultServletHttpRequestHandler#0'
2020-08-21 12:36:30,863 1469   [           main] INFO  n.RequestMappingHandlerMapping  - Mapped "{[/emps]}" onto public java.lang.String com.lpbcode.controller.EmployeeController.getEmps(java.lang.Integer,org.springframework.ui.Model)
2020-08-21 12:36:30,919 1525   [           main] INFO  n.RequestMappingHandlerAdapter  - Looking for @ControllerAdvice: org.springframework.web.context.support.GenericWebApplicationContext@9660f4e: startup date [Fri Aug 21 12:36:29 CST 2020]; root of context hierarchy
2020-08-21 12:36:30,950 1556   [           main] INFO  n.RequestMappingHandlerAdapter  - Looking for @ControllerAdvice: org.springframework.web.context.support.GenericWebApplicationContext@9660f4e: startup date [Fri Aug 21 12:36:29 CST 2020]; root of context hierarchy
2020-08-21 12:36:31,035 1641   [           main] INFO  rk.mock.web.MockServletContext  - Initializing Spring FrameworkServlet ''
2020-08-21 12:36:31,035 1641   [           main] INFO  .servlet.TestDispatcherServlet  - FrameworkServlet '': initialization started
2020-08-21 12:36:31,048 1654   [           main] INFO  .servlet.TestDispatcherServlet  - FrameworkServlet '': initialization completed in 13 ms
2020-08-21 12:36:31,116 1722   [           main] INFO  l.AbstractPoolBackedDataSource  - Initializing c3p0 pool... com.mchange.v2.c3p0.ComboPooledDataSource [ acquireIncrement -> 3, acquireRetryAttempts -> 30, acquireRetryDelay -> 1000, autoCommitOnClose -> false, automaticTestTable -> null, breakAfterAcquireFailure -> false, checkoutTimeout -> 0, connectionCustomizerClassName -> null, connectionTesterClassName -> com.mchange.v2.c3p0.impl.DefaultConnectionTester, dataSourceName -> 1hge0yyac48v663jjynf6|60099951, debugUnreturnedConnectionStackTraces -> false, description -> null, driverClass -> com.mysql.jdbc.Driver, factoryClassLocation -> null, forceIgnoreUnresolvedTransactions -> false, identityToken -> 1hge0yyac48v663jjynf6|60099951, idleConnectionTestPeriod -> 0, initialPoolSize -> 3, jdbcUrl -> jdbc:mysql://localhost:3306/ssm2, maxAdministrativeTaskTime -> 0, maxConnectionAge -> 0, maxIdleTime -> 0, maxIdleTimeExcessConnections -> 0, maxPoolSize -> 15, maxStatements -> 0, maxStatementsPerConnection -> 0, minPoolSize -> 3, numHelperThreads -> 3, numThreadsAwaitingCheckoutDefaultUser -> 0, preferredTestQuery -> null, properties -> {user=******, password=******}, propertyCycle -> 0, testConnectionOnCheckin -> false, testConnectionOnCheckout -> false, unreturnedConnectionTimeout -> 0, usesTraditionalReflectiveProxies -> false ]
2020-08-21 12:36:31,396 2002   [       Thread-1] INFO  t.GenericWebApplicationContext  - Closing org.springframework.web.context.support.GenericWebApplicationContext@9660f4e: startup date [Fri Aug 21 12:36:29 CST 2020]; root of context hierarchy
2020-08-21 12:36:41,277 0      [           main] INFO  web.WebTestContextBootstrapper  - Loaded default TestExecutionListener class names from location [META-INF/spring.factories]: [org.springframework.test.context.web.ServletTestExecutionListener, org.springframework.test.context.support.DirtiesContextBeforeModesTestExecutionListener, org.springframework.test.context.support.DependencyInjectionTestExecutionListener, org.springframework.test.context.support.DirtiesContextTestExecutionListener, org.springframework.test.context.transaction.TransactionalTestExecutionListener, org.springframework.test.context.jdbc.SqlScriptsTestExecutionListener]
2020-08-21 12:36:41,292 15     [           main] INFO  web.WebTestContextBootstrapper  - Using TestExecutionListeners: [org.springframework.test.context.web.ServletTestExecutionListener@5702b3b1, org.springframework.test.context.support.DirtiesContextBeforeModesTestExecutionListener@69ea3742, org.springframework.test.context.support.DependencyInjectionTestExecutionListener@4b952a2d, org.springframework.test.context.support.DirtiesContextTestExecutionListener@3159c4b8, org.springframework.test.context.transaction.TransactionalTestExecutionListener@73846619, org.springframework.test.context.jdbc.SqlScriptsTestExecutionListener@4bec1f0c]
2020-08-21 12:36:41,361 84     [           main] INFO  ry.xml.XmlBeanDefinitionReader  - Loading XML bean definitions from class path resource [applicationContext.xml]
2020-08-21 12:36:41,549 272    [           main] INFO  ry.xml.XmlBeanDefinitionReader  - Loading XML bean definitions from class path resource [springmvc.xml]
2020-08-21 12:36:41,653 376    [           main] INFO  t.GenericWebApplicationContext  - Refreshing org.springframework.web.context.support.GenericWebApplicationContext@9660f4e: startup date [Fri Aug 21 12:36:41 CST 2020]; root of context hierarchy
2020-08-21 12:36:41,933 656    [           main] INFO         com.mchange.v2.log.MLog  - MLog clients using log4j logging.
2020-08-21 12:36:42,099 822    [           main] INFO  m.mchange.v2.c3p0.C3P0Registry  - Initializing c3p0-0.9.1.2 [built 21-May-2007 15:04:56; debug? true; trace: 10]
2020-08-21 12:36:42,687 1410   [           main] INFO  andler.SimpleUrlHandlerMapping  - Mapped URL path [/**] onto handler 'org.springframework.web.servlet.resource.DefaultServletHttpRequestHandler#0'
2020-08-21 12:36:42,751 1474   [           main] INFO  n.RequestMappingHandlerMapping  - Mapped "{[/emps]}" onto public java.lang.String com.lpbcode.controller.EmployeeController.getEmps(java.lang.Integer,org.springframework.ui.Model)
2020-08-21 12:36:42,807 1530   [           main] INFO  n.RequestMappingHandlerAdapter  - Looking for @ControllerAdvice: org.springframework.web.context.support.GenericWebApplicationContext@9660f4e: startup date [Fri Aug 21 12:36:41 CST 2020]; root of context hierarchy
2020-08-21 12:36:42,837 1560   [           main] INFO  n.RequestMappingHandlerAdapter  - Looking for @ControllerAdvice: org.springframework.web.context.support.GenericWebApplicationContext@9660f4e: startup date [Fri Aug 21 12:36:41 CST 2020]; root of context hierarchy
2020-08-21 12:36:42,919 1642   [           main] INFO  rk.mock.web.MockServletContext  - Initializing Spring FrameworkServlet ''
2020-08-21 12:36:42,919 1642   [           main] INFO  .servlet.TestDispatcherServlet  - FrameworkServlet '': initialization started
2020-08-21 12:36:42,931 1654   [           main] INFO  .servlet.TestDispatcherServlet  - FrameworkServlet '': initialization completed in 12 ms
2020-08-21 12:36:42,997 1720   [           main] INFO  l.AbstractPoolBackedDataSource  - Initializing c3p0 pool... com.mchange.v2.c3p0.ComboPooledDataSource [ acquireIncrement -> 3, acquireRetryAttempts -> 30, acquireRetryDelay -> 1000, autoCommitOnClose -> false, automaticTestTable -> null, breakAfterAcquireFailure -> false, checkoutTimeout -> 0, connectionCustomizerClassName -> null, connectionTesterClassName -> com.mchange.v2.c3p0.impl.DefaultConnectionTester, dataSourceName -> 1hge0yyac48vfca18wkgwx|60099951, debugUnreturnedConnectionStackTraces -> false, description -> null, driverClass -> com.mysql.jdbc.Driver, factoryClassLocation -> null, forceIgnoreUnresolvedTransactions -> false, identityToken -> 1hge0yyac48vfca18wkgwx|60099951, idleConnectionTestPeriod -> 0, initialPoolSize -> 3, jdbcUrl -> jdbc:mysql://localhost:3306/ssm2, maxAdministrativeTaskTime -> 0, maxConnectionAge -> 0, maxIdleTime -> 0, maxIdleTimeExcessConnections -> 0, maxPoolSize -> 15, maxStatements -> 0, maxStatementsPerConnection -> 0, minPoolSize -> 3, numHelperThreads -> 3, numThreadsAwaitingCheckoutDefaultUser -> 0, preferredTestQuery -> null, properties -> {user=******, password=******}, propertyCycle -> 0, testConnectionOnCheckin -> false, testConnectionOnCheckout -> false, unreturnedConnectionTimeout -> 0, usesTraditionalReflectiveProxies -> false ]
2020-08-21 12:36:43,266 1989   [       Thread-1] INFO  t.GenericWebApplicationContext  - Closing org.springframework.web.context.support.GenericWebApplicationContext@9660f4e: startup date [Fri Aug 21 12:36:41 CST 2020]; root of context hierarchy
2020-08-21 12:44:32,782 0      [           main] INFO  web.WebTestContextBootstrapper  - Loaded default TestExecutionListener class names from location [META-INF/spring.factories]: [org.springframework.test.context.web.ServletTestExecutionListener, org.springframework.test.context.support.DirtiesContextBeforeModesTestExecutionListener, org.springframework.test.context.support.DependencyInjectionTestExecutionListener, org.springframework.test.context.support.DirtiesContextTestExecutionListener, org.springframework.test.context.transaction.TransactionalTestExecutionListener, org.springframework.test.context.jdbc.SqlScriptsTestExecutionListener]
2020-08-21 12:44:32,797 15     [           main] INFO  web.WebTestContextBootstrapper  - Using TestExecutionListeners: [org.springframework.test.context.web.ServletTestExecutionListener@5702b3b1, org.springframework.test.context.support.DirtiesContextBeforeModesTestExecutionListener@69ea3742, org.springframework.test.context.support.DependencyInjectionTestExecutionListener@4b952a2d, org.springframework.test.context.support.DirtiesContextTestExecutionListener@3159c4b8, org.springframework.test.context.transaction.TransactionalTestExecutionListener@73846619, org.springframework.test.context.jdbc.SqlScriptsTestExecutionListener@4bec1f0c]
2020-08-21 12:44:32,860 78     [           main] INFO  ry.xml.XmlBeanDefinitionReader  - Loading XML bean definitions from class path resource [applicationContext.xml]
2020-08-21 12:44:33,057 275    [           main] INFO  ry.xml.XmlBeanDefinitionReader  - Loading XML bean definitions from class path resource [springmvc.xml]
2020-08-21 12:44:33,129 347    [           main] INFO  t.GenericWebApplicationContext  - Refreshing org.springframework.web.context.support.GenericWebApplicationContext@9660f4e: startup date [Fri Aug 21 12:44:33 CST 2020]; root of context hierarchy
2020-08-21 12:44:33,417 635    [           main] INFO         com.mchange.v2.log.MLog  - MLog clients using log4j logging.
2020-08-21 12:44:33,609 827    [           main] INFO  m.mchange.v2.c3p0.C3P0Registry  - Initializing c3p0-0.9.1.2 [built 21-May-2007 15:04:56; debug? true; trace: 10]
2020-08-21 12:44:34,223 1441   [           main] INFO  andler.SimpleUrlHandlerMapping  - Mapped URL path [/**] onto handler 'org.springframework.web.servlet.resource.DefaultServletHttpRequestHandler#0'
2020-08-21 12:44:34,291 1509   [           main] INFO  n.RequestMappingHandlerMapping  - Mapped "{[/emps]}" onto public java.lang.String com.lpbcode.controller.EmployeeController.getEmps(java.lang.Integer,org.springframework.ui.Model)
2020-08-21 12:44:34,346 1564   [           main] INFO  n.RequestMappingHandlerAdapter  - Looking for @ControllerAdvice: org.springframework.web.context.support.GenericWebApplicationContext@9660f4e: startup date [Fri Aug 21 12:44:33 CST 2020]; root of context hierarchy
2020-08-21 12:44:34,378 1596   [           main] INFO  n.RequestMappingHandlerAdapter  - Looking for @ControllerAdvice: org.springframework.web.context.support.GenericWebApplicationContext@9660f4e: startup date [Fri Aug 21 12:44:33 CST 2020]; root of context hierarchy
2020-08-21 12:44:34,457 1675   [           main] INFO  rk.mock.web.MockServletContext  - Initializing Spring FrameworkServlet ''
2020-08-21 12:44:34,458 1676   [           main] INFO  .servlet.TestDispatcherServlet  - FrameworkServlet '': initialization started
2020-08-21 12:44:34,470 1688   [           main] INFO  .servlet.TestDispatcherServlet  - FrameworkServlet '': initialization completed in 12 ms
2020-08-21 12:44:34,534 1752   [           main] INFO  l.AbstractPoolBackedDataSource  - Initializing c3p0 pool... com.mchange.v2.c3p0.ComboPooledDataSource [ acquireIncrement -> 3, acquireRetryAttempts -> 30, acquireRetryDelay -> 1000, autoCommitOnClose -> false, automaticTestTable -> null, breakAfterAcquireFailure -> false, checkoutTimeout -> 0, connectionCustomizerClassName -> null, connectionTesterClassName -> com.mchange.v2.c3p0.impl.DefaultConnectionTester, dataSourceName -> 1hge0yyac495j5c1aljjqf|60099951, debugUnreturnedConnectionStackTraces -> false, description -> null, driverClass -> com.mysql.jdbc.Driver, factoryClassLocation -> null, forceIgnoreUnresolvedTransactions -> false, identityToken -> 1hge0yyac495j5c1aljjqf|60099951, idleConnectionTestPeriod -> 0, initialPoolSize -> 3, jdbcUrl -> jdbc:mysql://localhost:3306/ssm2, maxAdministrativeTaskTime -> 0, maxConnectionAge -> 0, maxIdleTime -> 0, maxIdleTimeExcessConnections -> 0, maxPoolSize -> 15, maxStatements -> 0, maxStatementsPerConnection -> 0, minPoolSize -> 3, numHelperThreads -> 3, numThreadsAwaitingCheckoutDefaultUser -> 0, preferredTestQuery -> null, properties -> {user=******, password=******}, propertyCycle -> 0, testConnectionOnCheckin -> false, testConnectionOnCheckout -> false, unreturnedConnectionTimeout -> 0, usesTraditionalReflectiveProxies -> false ]
2020-08-21 12:44:34,812 2030   [       Thread-1] INFO  t.GenericWebApplicationContext  - Closing org.springframework.web.context.support.GenericWebApplicationContext@9660f4e: startup date [Fri Aug 21 12:44:33 CST 2020]; root of context hierarchy
2020-08-21 12:44:51,899 0      [           main] INFO  web.WebTestContextBootstrapper  - Loaded default TestExecutionListener class names from location [META-INF/spring.factories]: [org.springframework.test.context.web.ServletTestExecutionListener, org.springframework.test.context.support.DirtiesContextBeforeModesTestExecutionListener, org.springframework.test.context.support.DependencyInjectionTestExecutionListener, org.springframework.test.context.support.DirtiesContextTestExecutionListener, org.springframework.test.context.transaction.TransactionalTestExecutionListener, org.springframework.test.context.jdbc.SqlScriptsTestExecutionListener]
2020-08-21 12:44:51,915 16     [           main] INFO  web.WebTestContextBootstrapper  - Using TestExecutionListeners: [org.springframework.test.context.web.ServletTestExecutionListener@5702b3b1, org.springframework.test.context.support.DirtiesContextBeforeModesTestExecutionListener@69ea3742, org.springframework.test.context.support.DependencyInjectionTestExecutionListener@4b952a2d, org.springframework.test.context.support.DirtiesContextTestExecutionListener@3159c4b8, org.springframework.test.context.transaction.TransactionalTestExecutionListener@73846619, org.springframework.test.context.jdbc.SqlScriptsTestExecutionListener@4bec1f0c]
2020-08-21 12:44:51,981 82     [           main] INFO  ry.xml.XmlBeanDefinitionReader  - Loading XML bean definitions from class path resource [applicationContext.xml]
2020-08-21 12:44:52,203 304    [           main] INFO  ry.xml.XmlBeanDefinitionReader  - Loading XML bean definitions from class path resource [springmvc.xml]
2020-08-21 12:44:52,272 373    [           main] INFO  t.GenericWebApplicationContext  - Refreshing org.springframework.web.context.support.GenericWebApplicationContext@9660f4e: startup date [Fri Aug 21 12:44:52 CST 2020]; root of context hierarchy
2020-08-21 12:44:52,571 672    [           main] INFO         com.mchange.v2.log.MLog  - MLog clients using log4j logging.
2020-08-21 12:44:52,755 856    [           main] INFO  m.mchange.v2.c3p0.C3P0Registry  - Initializing c3p0-0.9.1.2 [built 21-May-2007 15:04:56; debug? true; trace: 10]
2020-08-21 12:44:53,383 1484   [           main] INFO  andler.SimpleUrlHandlerMapping  - Mapped URL path [/**] onto handler 'org.springframework.web.servlet.resource.DefaultServletHttpRequestHandler#0'
2020-08-21 12:44:53,453 1554   [           main] INFO  n.RequestMappingHandlerMapping  - Mapped "{[/emps]}" onto public java.lang.String com.lpbcode.controller.EmployeeController.getEmps(java.lang.Integer,org.springframework.ui.Model)
2020-08-21 12:44:53,511 1612   [           main] INFO  n.RequestMappingHandlerAdapter  - Looking for @ControllerAdvice: org.springframework.web.context.support.GenericWebApplicationContext@9660f4e: startup date [Fri Aug 21 12:44:52 CST 2020]; root of context hierarchy
2020-08-21 12:44:53,542 1643   [           main] INFO  n.RequestMappingHandlerAdapter  - Looking for @ControllerAdvice: org.springframework.web.context.support.GenericWebApplicationContext@9660f4e: startup date [Fri Aug 21 12:44:52 CST 2020]; root of context hierarchy
2020-08-21 12:44:53,631 1732   [           main] INFO  rk.mock.web.MockServletContext  - Initializing Spring FrameworkServlet ''
2020-08-21 12:44:53,631 1732   [           main] INFO  .servlet.TestDispatcherServlet  - FrameworkServlet '': initialization started
2020-08-21 12:44:53,645 1746   [           main] INFO  .servlet.TestDispatcherServlet  - FrameworkServlet '': initialization completed in 14 ms
2020-08-21 12:44:53,712 1813   [           main] INFO  l.AbstractPoolBackedDataSource  - Initializing c3p0 pool... com.mchange.v2.c3p0.ComboPooledDataSource [ acquireIncrement -> 3, acquireRetryAttempts -> 30, acquireRetryDelay -> 1000, autoCommitOnClose -> false, automaticTestTable -> null, breakAfterAcquireFailure -> false, checkoutTimeout -> 0, connectionCustomizerClassName -> null, connectionTesterClassName -> com.mchange.v2.c3p0.impl.DefaultConnectionTester, dataSourceName -> 1hge0yyac495xx61d2mg1a|60099951, debugUnreturnedConnectionStackTraces -> false, description -> null, driverClass -> com.mysql.jdbc.Driver, factoryClassLocation -> null, forceIgnoreUnresolvedTransactions -> false, identityToken -> 1hge0yyac495xx61d2mg1a|60099951, idleConnectionTestPeriod -> 0, initialPoolSize -> 3, jdbcUrl -> jdbc:mysql://localhost:3306/ssm2, maxAdministrativeTaskTime -> 0, maxConnectionAge -> 0, maxIdleTime -> 0, maxIdleTimeExcessConnections -> 0, maxPoolSize -> 15, maxStatements -> 0, maxStatementsPerConnection -> 0, minPoolSize -> 3, numHelperThreads -> 3, numThreadsAwaitingCheckoutDefaultUser -> 0, preferredTestQuery -> null, properties -> {user=******, password=******}, propertyCycle -> 0, testConnectionOnCheckin -> false, testConnectionOnCheckout -> false, unreturnedConnectionTimeout -> 0, usesTraditionalReflectiveProxies -> false ]
2020-08-21 12:44:53,985 2086   [       Thread-1] INFO  t.GenericWebApplicationContext  - Closing org.springframework.web.context.support.GenericWebApplicationContext@9660f4e: startup date [Fri Aug 21 12:44:52 CST 2020]; root of context hierarchy
2020-08-21 12:45:38,398 0      [           main] INFO  web.WebTestContextBootstrapper  - Loaded default TestExecutionListener class names from location [META-INF/spring.factories]: [org.springframework.test.context.web.ServletTestExecutionListener, org.springframework.test.context.support.DirtiesContextBeforeModesTestExecutionListener, org.springframework.test.context.support.DependencyInjectionTestExecutionListener, org.springframework.test.context.support.DirtiesContextTestExecutionListener, org.springframework.test.context.transaction.TransactionalTestExecutionListener, org.springframework.test.context.jdbc.SqlScriptsTestExecutionListener]
2020-08-21 12:45:38,412 14     [           main] INFO  web.WebTestContextBootstrapper  - Using TestExecutionListeners: [org.springframework.test.context.web.ServletTestExecutionListener@5702b3b1, org.springframework.test.context.support.DirtiesContextBeforeModesTestExecutionListener@69ea3742, org.springframework.test.context.support.DependencyInjectionTestExecutionListener@4b952a2d, org.springframework.test.context.support.DirtiesContextTestExecutionListener@3159c4b8, org.springframework.test.context.transaction.TransactionalTestExecutionListener@73846619, org.springframework.test.context.jdbc.SqlScriptsTestExecutionListener@4bec1f0c]
2020-08-21 12:45:38,477 79     [           main] INFO  ry.xml.XmlBeanDefinitionReader  - Loading XML bean definitions from class path resource [applicationContext.xml]
2020-08-21 12:45:38,669 271    [           main] INFO  ry.xml.XmlBeanDefinitionReader  - Loading XML bean definitions from class path resource [springmvc.xml]
2020-08-21 12:45:38,749 351    [           main] INFO  t.GenericWebApplicationContext  - Refreshing org.springframework.web.context.support.GenericWebApplicationContext@9660f4e: startup date [Fri Aug 21 12:45:38 CST 2020]; root of context hierarchy
2020-08-21 12:45:39,057 659    [           main] INFO         com.mchange.v2.log.MLog  - MLog clients using log4j logging.
2020-08-21 12:45:39,222 824    [           main] INFO  m.mchange.v2.c3p0.C3P0Registry  - Initializing c3p0-0.9.1.2 [built 21-May-2007 15:04:56; debug? true; trace: 10]
2020-08-21 12:45:39,826 1428   [           main] INFO  andler.SimpleUrlHandlerMapping  - Mapped URL path [/**] onto handler 'org.springframework.web.servlet.resource.DefaultServletHttpRequestHandler#0'
2020-08-21 12:45:39,893 1495   [           main] INFO  n.RequestMappingHandlerMapping  - Mapped "{[/emps]}" onto public java.lang.String com.lpbcode.controller.EmployeeController.getEmps(java.lang.Integer,org.springframework.ui.Model)
2020-08-21 12:45:39,949 1551   [           main] INFO  n.RequestMappingHandlerAdapter  - Looking for @ControllerAdvice: org.springframework.web.context.support.GenericWebApplicationContext@9660f4e: startup date [Fri Aug 21 12:45:38 CST 2020]; root of context hierarchy
2020-08-21 12:45:39,982 1584   [           main] INFO  n.RequestMappingHandlerAdapter  - Looking for @ControllerAdvice: org.springframework.web.context.support.GenericWebApplicationContext@9660f4e: startup date [Fri Aug 21 12:45:38 CST 2020]; root of context hierarchy
2020-08-21 12:45:40,062 1664   [           main] INFO  rk.mock.web.MockServletContext  - Initializing Spring FrameworkServlet ''
2020-08-21 12:45:40,062 1664   [           main] INFO  .servlet.TestDispatcherServlet  - FrameworkServlet '': initialization started
2020-08-21 12:45:40,073 1675   [           main] INFO  .servlet.TestDispatcherServlet  - FrameworkServlet '': initialization completed in 11 ms
2020-08-21 12:45:40,135 1737   [           main] INFO  l.AbstractPoolBackedDataSource  - Initializing c3p0 pool... com.mchange.v2.c3p0.ComboPooledDataSource [ acquireIncrement -> 3, acquireRetryAttempts -> 30, acquireRetryDelay -> 1000, autoCommitOnClose -> false, automaticTestTable -> null, breakAfterAcquireFailure -> false, checkoutTimeout -> 0, connectionCustomizerClassName -> null, connectionTesterClassName -> com.mchange.v2.c3p0.impl.DefaultConnectionTester, dataSourceName -> 1hge0yyac496xsc1cxukw8|60099951, debugUnreturnedConnectionStackTraces -> false, description -> null, driverClass -> com.mysql.jdbc.Driver, factoryClassLocation -> null, forceIgnoreUnresolvedTransactions -> false, identityToken -> 1hge0yyac496xsc1cxukw8|60099951, idleConnectionTestPeriod -> 0, initialPoolSize -> 3, jdbcUrl -> jdbc:mysql://localhost:3306/ssm2, maxAdministrativeTaskTime -> 0, maxConnectionAge -> 0, maxIdleTime -> 0, maxIdleTimeExcessConnections -> 0, maxPoolSize -> 15, maxStatements -> 0, maxStatementsPerConnection -> 0, minPoolSize -> 3, numHelperThreads -> 3, numThreadsAwaitingCheckoutDefaultUser -> 0, preferredTestQuery -> null, properties -> {user=******, password=******}, propertyCycle -> 0, testConnectionOnCheckin -> false, testConnectionOnCheckout -> false, unreturnedConnectionTimeout -> 0, usesTraditionalReflectiveProxies -> false ]
2020-08-21 12:45:40,408 2010   [       Thread-1] INFO  t.GenericWebApplicationContext  - Closing org.springframework.web.context.support.GenericWebApplicationContext@9660f4e: startup date [Fri Aug 21 12:45:38 CST 2020]; root of context hierarchy
2020-08-21 12:45:57,723 0      [           main] INFO  web.WebTestContextBootstrapper  - Loaded default TestExecutionListener class names from location [META-INF/spring.factories]: [org.springframework.test.context.web.ServletTestExecutionListener, org.springframework.test.context.support.DirtiesContextBeforeModesTestExecutionListener, org.springframework.test.context.support.DependencyInjectionTestExecutionListener, org.springframework.test.context.support.DirtiesContextTestExecutionListener, org.springframework.test.context.transaction.TransactionalTestExecutionListener, org.springframework.test.context.jdbc.SqlScriptsTestExecutionListener]
2020-08-21 12:45:57,736 13     [           main] INFO  web.WebTestContextBootstrapper  - Using TestExecutionListeners: [org.springframework.test.context.web.ServletTestExecutionListener@5702b3b1, org.springframework.test.context.support.DirtiesContextBeforeModesTestExecutionListener@69ea3742, org.springframework.test.context.support.DependencyInjectionTestExecutionListener@4b952a2d, org.springframework.test.context.support.DirtiesContextTestExecutionListener@3159c4b8, org.springframework.test.context.transaction.TransactionalTestExecutionListener@73846619, org.springframework.test.context.jdbc.SqlScriptsTestExecutionListener@4bec1f0c]
2020-08-21 12:45:57,798 75     [           main] INFO  ry.xml.XmlBeanDefinitionReader  - Loading XML bean definitions from class path resource [applicationContext.xml]
2020-08-21 12:45:57,983 260    [           main] INFO  ry.xml.XmlBeanDefinitionReader  - Loading XML bean definitions from class path resource [springmvc.xml]
2020-08-21 12:45:58,049 326    [           main] INFO  t.GenericWebApplicationContext  - Refreshing org.springframework.web.context.support.GenericWebApplicationContext@9660f4e: startup date [Fri Aug 21 12:45:58 CST 2020]; root of context hierarchy
2020-08-21 12:45:58,367 644    [           main] INFO         com.mchange.v2.log.MLog  - MLog clients using log4j logging.
2020-08-21 12:45:58,543 820    [           main] INFO  m.mchange.v2.c3p0.C3P0Registry  - Initializing c3p0-0.9.1.2 [built 21-May-2007 15:04:56; debug? true; trace: 10]
2020-08-21 12:45:59,154 1431   [           main] INFO  andler.SimpleUrlHandlerMapping  - Mapped URL path [/**] onto handler 'org.springframework.web.servlet.resource.DefaultServletHttpRequestHandler#0'
2020-08-21 12:45:59,220 1497   [           main] INFO  n.RequestMappingHandlerMapping  - Mapped "{[/emps]}" onto public java.lang.String com.lpbcode.controller.EmployeeController.getEmps(java.lang.Integer,org.springframework.ui.Model)
2020-08-21 12:45:59,275 1552   [           main] INFO  n.RequestMappingHandlerAdapter  - Looking for @ControllerAdvice: org.springframework.web.context.support.GenericWebApplicationContext@9660f4e: startup date [Fri Aug 21 12:45:58 CST 2020]; root of context hierarchy
2020-08-21 12:45:59,305 1582   [           main] INFO  n.RequestMappingHandlerAdapter  - Looking for @ControllerAdvice: org.springframework.web.context.support.GenericWebApplicationContext@9660f4e: startup date [Fri Aug 21 12:45:58 CST 2020]; root of context hierarchy
2020-08-21 12:45:59,399 1676   [           main] INFO  rk.mock.web.MockServletContext  - Initializing Spring FrameworkServlet ''
2020-08-21 12:45:59,400 1677   [           main] INFO  .servlet.TestDispatcherServlet  - FrameworkServlet '': initialization started
2020-08-21 12:45:59,415 1692   [           main] INFO  .servlet.TestDispatcherServlet  - FrameworkServlet '': initialization completed in 15 ms
2020-08-21 12:45:59,483 1760   [           main] INFO  l.AbstractPoolBackedDataSource  - Initializing c3p0 pool... com.mchange.v2.c3p0.ComboPooledDataSource [ acquireIncrement -> 3, acquireRetryAttempts -> 30, acquireRetryDelay -> 1000, autoCommitOnClose -> false, automaticTestTable -> null, breakAfterAcquireFailure -> false, checkoutTimeout -> 0, connectionCustomizerClassName -> null, connectionTesterClassName -> com.mchange.v2.c3p0.impl.DefaultConnectionTester, dataSourceName -> 1hge0yyac497coxyn43o1|60099951, debugUnreturnedConnectionStackTraces -> false, description -> null, driverClass -> com.mysql.jdbc.Driver, factoryClassLocation -> null, forceIgnoreUnresolvedTransactions -> false, identityToken -> 1hge0yyac497coxyn43o1|60099951, idleConnectionTestPeriod -> 0, initialPoolSize -> 3, jdbcUrl -> jdbc:mysql://localhost:3306/ssm2, maxAdministrativeTaskTime -> 0, maxConnectionAge -> 0, maxIdleTime -> 0, maxIdleTimeExcessConnections -> 0, maxPoolSize -> 15, maxStatements -> 0, maxStatementsPerConnection -> 0, minPoolSize -> 3, numHelperThreads -> 3, numThreadsAwaitingCheckoutDefaultUser -> 0, preferredTestQuery -> null, properties -> {user=******, password=******}, propertyCycle -> 0, testConnectionOnCheckin -> false, testConnectionOnCheckout -> false, unreturnedConnectionTimeout -> 0, usesTraditionalReflectiveProxies -> false ]
2020-08-21 12:45:59,750 2027   [       Thread-1] INFO  t.GenericWebApplicationContext  - Closing org.springframework.web.context.support.GenericWebApplicationContext@9660f4e: startup date [Fri Aug 21 12:45:58 CST 2020]; root of context hierarchy
2020-08-21 12:46:42,932 0      [           main] INFO  web.WebTestContextBootstrapper  - Loaded default TestExecutionListener class names from location [META-INF/spring.factories]: [org.springframework.test.context.web.ServletTestExecutionListener, org.springframework.test.context.support.DirtiesContextBeforeModesTestExecutionListener, org.springframework.test.context.support.DependencyInjectionTestExecutionListener, org.springframework.test.context.support.DirtiesContextTestExecutionListener, org.springframework.test.context.transaction.TransactionalTestExecutionListener, org.springframework.test.context.jdbc.SqlScriptsTestExecutionListener]
2020-08-21 12:46:42,946 14     [           main] INFO  web.WebTestContextBootstrapper  - Using TestExecutionListeners: [org.springframework.test.context.web.ServletTestExecutionListener@5702b3b1, org.springframework.test.context.support.DirtiesContextBeforeModesTestExecutionListener@69ea3742, org.springframework.test.context.support.DependencyInjectionTestExecutionListener@4b952a2d, org.springframework.test.context.support.DirtiesContextTestExecutionListener@3159c4b8, org.springframework.test.context.transaction.TransactionalTestExecutionListener@73846619, org.springframework.test.context.jdbc.SqlScriptsTestExecutionListener@4bec1f0c]
2020-08-21 12:46:43,005 73     [           main] INFO  ry.xml.XmlBeanDefinitionReader  - Loading XML bean definitions from class path resource [applicationContext.xml]
2020-08-21 12:46:43,192 260    [           main] INFO  ry.xml.XmlBeanDefinitionReader  - Loading XML bean definitions from class path resource [springmvc.xml]
2020-08-21 12:46:43,259 327    [           main] INFO  t.GenericWebApplicationContext  - Refreshing org.springframework.web.context.support.GenericWebApplicationContext@9660f4e: startup date [Fri Aug 21 12:46:43 CST 2020]; root of context hierarchy
2020-08-21 12:46:43,500 568    [           main] INFO         com.mchange.v2.log.MLog  - MLog clients using log4j logging.
2020-08-21 12:46:43,737 805    [           main] INFO  m.mchange.v2.c3p0.C3P0Registry  - Initializing c3p0-0.9.1.2 [built 21-May-2007 15:04:56; debug? true; trace: 10]
2020-08-21 12:46:44,461 1529   [           main] INFO  andler.SimpleUrlHandlerMapping  - Mapped URL path [/**] onto handler 'org.springframework.web.servlet.resource.DefaultServletHttpRequestHandler#0'
2020-08-21 12:46:44,529 1597   [           main] INFO  n.RequestMappingHandlerMapping  - Mapped "{[/emps]}" onto public java.lang.String com.lpbcode.controller.EmployeeController.getEmps(java.lang.Integer,org.springframework.ui.Model)
2020-08-21 12:46:44,583 1651   [           main] INFO  n.RequestMappingHandlerAdapter  - Looking for @ControllerAdvice: org.springframework.web.context.support.GenericWebApplicationContext@9660f4e: startup date [Fri Aug 21 12:46:43 CST 2020]; root of context hierarchy
2020-08-21 12:46:44,616 1684   [           main] INFO  n.RequestMappingHandlerAdapter  - Looking for @ControllerAdvice: org.springframework.web.context.support.GenericWebApplicationContext@9660f4e: startup date [Fri Aug 21 12:46:43 CST 2020]; root of context hierarchy
2020-08-21 12:46:44,697 1765   [           main] INFO  rk.mock.web.MockServletContext  - Initializing Spring FrameworkServlet ''
2020-08-21 12:46:44,697 1765   [           main] INFO  .servlet.TestDispatcherServlet  - FrameworkServlet '': initialization started
2020-08-21 12:46:44,709 1777   [           main] INFO  .servlet.TestDispatcherServlet  - FrameworkServlet '': initialization completed in 12 ms
2020-08-21 12:46:44,779 1847   [           main] INFO  l.AbstractPoolBackedDataSource  - Initializing c3p0 pool... com.mchange.v2.c3p0.ComboPooledDataSource [ acquireIncrement -> 3, acquireRetryAttempts -> 30, acquireRetryDelay -> 1000, autoCommitOnClose -> false, automaticTestTable -> null, breakAfterAcquireFailure -> false, checkoutTimeout -> 0, connectionCustomizerClassName -> null, connectionTesterClassName -> com.mchange.v2.c3p0.impl.DefaultConnectionTester, dataSourceName -> 1hge0yyac498bj2uy0r48|60099951, debugUnreturnedConnectionStackTraces -> false, description -> null, driverClass -> com.mysql.jdbc.Driver, factoryClassLocation -> null, forceIgnoreUnresolvedTransactions -> false, identityToken -> 1hge0yyac498bj2uy0r48|60099951, idleConnectionTestPeriod -> 0, initialPoolSize -> 3, jdbcUrl -> jdbc:mysql://localhost:3306/ssm2, maxAdministrativeTaskTime -> 0, maxConnectionAge -> 0, maxIdleTime -> 0, maxIdleTimeExcessConnections -> 0, maxPoolSize -> 15, maxStatements -> 0, maxStatementsPerConnection -> 0, minPoolSize -> 3, numHelperThreads -> 3, numThreadsAwaitingCheckoutDefaultUser -> 0, preferredTestQuery -> null, properties -> {user=******, password=******}, propertyCycle -> 0, testConnectionOnCheckin -> false, testConnectionOnCheckout -> false, unreturnedConnectionTimeout -> 0, usesTraditionalReflectiveProxies -> false ]
2020-08-21 12:46:45,053 2121   [       Thread-1] INFO  t.GenericWebApplicationContext  - Closing org.springframework.web.context.support.GenericWebApplicationContext@9660f4e: startup date [Fri Aug 21 12:46:43 CST 2020]; root of context hierarchy
2020-08-22 11:07:38,965 0      [           main] INFO  DefaultTestContextBootstrapper  - Loaded default TestExecutionListener class names from location [META-INF/spring.factories]: [org.springframework.test.context.web.ServletTestExecutionListener, org.springframework.test.context.support.DirtiesContextBeforeModesTestExecutionListener, org.springframework.test.context.support.DependencyInjectionTestExecutionListener, org.springframework.test.context.support.DirtiesContextTestExecutionListener, org.springframework.test.context.transaction.TransactionalTestExecutionListener, org.springframework.test.context.jdbc.SqlScriptsTestExecutionListener]
2020-08-22 11:07:38,991 26     [           main] INFO  DefaultTestContextBootstrapper  - Using TestExecutionListeners: [org.springframework.test.context.web.ServletTestExecutionListener@5cb9f472, org.springframework.test.context.support.DirtiesContextBeforeModesTestExecutionListener@cb644e, org.springframework.test.context.support.DependencyInjectionTestExecutionListener@13805618, org.springframework.test.context.support.DirtiesContextTestExecutionListener@56ef9176, org.springframework.test.context.transaction.TransactionalTestExecutionListener@4566e5bd, org.springframework.test.context.jdbc.SqlScriptsTestExecutionListener@1ed4004b]
2020-08-22 11:07:39,080 115    [           main] INFO  ry.xml.XmlBeanDefinitionReader  - Loading XML bean definitions from class path resource [applicationContext.xml]
2020-08-22 11:07:39,341 376    [           main] INFO  ry.xml.XmlBeanDefinitionReader  - Loading XML bean definitions from class path resource [springmvc.xml]
2020-08-22 11:07:39,481 516    [           main] INFO  port.GenericApplicationContext  - Refreshing org.springframework.context.support.GenericApplicationContext@22a67b4: startup date [Sat Aug 22 11:07:39 CST 2020]; root of context hierarchy
2020-08-22 11:07:39,889 924    [           main] INFO         com.mchange.v2.log.MLog  - MLog clients using log4j logging.
2020-08-22 11:07:40,060 1095   [           main] INFO  m.mchange.v2.c3p0.C3P0Registry  - Initializing c3p0-0.9.1.2 [built 21-May-2007 15:04:56; debug? true; trace: 10]
2020-08-22 11:07:40,776 1811   [           main] INFO  andler.SimpleUrlHandlerMapping  - Mapped URL path [/**] onto handler 'org.springframework.web.servlet.resource.DefaultServletHttpRequestHandler#0'
2020-08-22 11:07:40,840 1875   [           main] INFO  n.RequestMappingHandlerMapping  - Mapped "{[/emps]}" onto public com.lpbcode.domain.Msg com.lpbcode.controller.EmployeeController.getEmpsWithJson(java.lang.Integer)
2020-08-22 11:07:40,840 1875   [           main] INFO  n.RequestMappingHandlerMapping  - Mapped "{[/test]}" onto public java.lang.String com.lpbcode.controller.EmployeeController.testTo()
2020-08-22 11:07:41,127 2162   [           main] INFO  n.RequestMappingHandlerAdapter  - Looking for @ControllerAdvice: org.springframework.context.support.GenericApplicationContext@22a67b4: startup date [Sat Aug 22 11:07:39 CST 2020]; root of context hierarchy
2020-08-22 11:07:41,172 2207   [           main] INFO  n.RequestMappingHandlerAdapter  - Looking for @ControllerAdvice: org.springframework.context.support.GenericApplicationContext@22a67b4: startup date [Sat Aug 22 11:07:39 CST 2020]; root of context hierarchy
2020-08-22 11:07:41,291 2326   [           main] INFO  l.AbstractPoolBackedDataSource  - Initializing c3p0 pool... com.mchange.v2.c3p0.ComboPooledDataSource [ acquireIncrement -> 3, acquireRetryAttempts -> 30, acquireRetryDelay -> 1000, autoCommitOnClose -> false, automaticTestTable -> null, breakAfterAcquireFailure -> false, checkoutTimeout -> 0, connectionCustomizerClassName -> null, connectionTesterClassName -> com.mchange.v2.c3p0.impl.DefaultConnectionTester, dataSourceName -> 1hge0yyac5l4s28707d3m|534a5a98, debugUnreturnedConnectionStackTraces -> false, description -> null, driverClass -> com.mysql.jdbc.Driver, factoryClassLocation -> null, forceIgnoreUnresolvedTransactions -> false, identityToken -> 1hge0yyac5l4s28707d3m|534a5a98, idleConnectionTestPeriod -> 0, initialPoolSize -> 3, jdbcUrl -> jdbc:mysql://localhost:3306/ssm2, maxAdministrativeTaskTime -> 0, maxConnectionAge -> 0, maxIdleTime -> 0, maxIdleTimeExcessConnections -> 0, maxPoolSize -> 15, maxStatements -> 0, maxStatementsPerConnection -> 0, minPoolSize -> 3, numHelperThreads -> 3, numThreadsAwaitingCheckoutDefaultUser -> 0, preferredTestQuery -> null, properties -> {user=******, password=******}, propertyCycle -> 0, testConnectionOnCheckin -> false, testConnectionOnCheckout -> false, unreturnedConnectionTimeout -> 0, usesTraditionalReflectiveProxies -> false ]
2020-08-22 11:07:41,541 2576   [       Thread-1] INFO  port.GenericApplicationContext  - Closing org.springframework.context.support.GenericApplicationContext@22a67b4: startup date [Sat Aug 22 11:07:39 CST 2020]; root of context hierarchy
2020-08-22 11:11:53,535 0      [           main] INFO  DefaultTestContextBootstrapper  - Loaded default TestExecutionListener class names from location [META-INF/spring.factories]: [org.springframework.test.context.web.ServletTestExecutionListener, org.springframework.test.context.support.DirtiesContextBeforeModesTestExecutionListener, org.springframework.test.context.support.DependencyInjectionTestExecutionListener, org.springframework.test.context.support.DirtiesContextTestExecutionListener, org.springframework.test.context.transaction.TransactionalTestExecutionListener, org.springframework.test.context.jdbc.SqlScriptsTestExecutionListener]
2020-08-22 11:11:53,555 20     [           main] INFO  DefaultTestContextBootstrapper  - Using TestExecutionListeners: [org.springframework.test.context.web.ServletTestExecutionListener@5cb9f472, org.springframework.test.context.support.DirtiesContextBeforeModesTestExecutionListener@cb644e, org.springframework.test.context.support.DependencyInjectionTestExecutionListener@13805618, org.springframework.test.context.support.DirtiesContextTestExecutionListener@56ef9176, org.springframework.test.context.transaction.TransactionalTestExecutionListener@4566e5bd, org.springframework.test.context.jdbc.SqlScriptsTestExecutionListener@1ed4004b]
2020-08-22 11:11:53,624 89     [           main] INFO  ry.xml.XmlBeanDefinitionReader  - Loading XML bean definitions from class path resource [applicationContext.xml]
2020-08-22 11:11:53,819 284    [           main] INFO  ry.xml.XmlBeanDefinitionReader  - Loading XML bean definitions from class path resource [springmvc.xml]
2020-08-22 11:11:53,907 372    [           main] INFO  port.GenericApplicationContext  - Refreshing org.springframework.context.support.GenericApplicationContext@22a67b4: startup date [Sat Aug 22 11:11:53 CST 2020]; root of context hierarchy
2020-08-22 11:11:54,292 757    [           main] INFO         com.mchange.v2.log.MLog  - MLog clients using log4j logging.
2020-08-22 11:11:54,470 935    [           main] INFO  m.mchange.v2.c3p0.C3P0Registry  - Initializing c3p0-0.9.1.2 [built 21-May-2007 15:04:56; debug? true; trace: 10]
2020-08-22 11:11:55,167 1632   [           main] INFO  andler.SimpleUrlHandlerMapping  - Mapped URL path [/**] onto handler 'org.springframework.web.servlet.resource.DefaultServletHttpRequestHandler#0'
2020-08-22 11:11:55,228 1693   [           main] INFO  n.RequestMappingHandlerMapping  - Mapped "{[/emps]}" onto public com.lpbcode.domain.Msg com.lpbcode.controller.EmployeeController.getEmpsWithJson(java.lang.Integer)
2020-08-22 11:11:55,228 1693   [           main] INFO  n.RequestMappingHandlerMapping  - Mapped "{[/test]}" onto public java.lang.String com.lpbcode.controller.EmployeeController.testTo()
2020-08-22 11:11:55,463 1928   [           main] INFO  n.RequestMappingHandlerAdapter  - Looking for @ControllerAdvice: org.springframework.context.support.GenericApplicationContext@22a67b4: startup date [Sat Aug 22 11:11:53 CST 2020]; root of context hierarchy
2020-08-22 11:11:55,504 1969   [           main] INFO  n.RequestMappingHandlerAdapter  - Looking for @ControllerAdvice: org.springframework.context.support.GenericApplicationContext@22a67b4: startup date [Sat Aug 22 11:11:53 CST 2020]; root of context hierarchy
2020-08-22 11:11:55,620 2085   [           main] INFO  l.AbstractPoolBackedDataSource  - Initializing c3p0 pool... com.mchange.v2.c3p0.ComboPooledDataSource [ acquireIncrement -> 3, acquireRetryAttempts -> 30, acquireRetryDelay -> 1000, autoCommitOnClose -> false, automaticTestTable -> null, breakAfterAcquireFailure -> false, checkoutTimeout -> 0, connectionCustomizerClassName -> null, connectionTesterClassName -> com.mchange.v2.c3p0.impl.DefaultConnectionTester, dataSourceName -> 1hge0yyac5la8cqp16gvu|534a5a98, debugUnreturnedConnectionStackTraces -> false, description -> null, driverClass -> com.mysql.jdbc.Driver, factoryClassLocation -> null, forceIgnoreUnresolvedTransactions -> false, identityToken -> 1hge0yyac5la8cqp16gvu|534a5a98, idleConnectionTestPeriod -> 0, initialPoolSize -> 3, jdbcUrl -> jdbc:mysql://localhost:3306/ssm2, maxAdministrativeTaskTime -> 0, maxConnectionAge -> 0, maxIdleTime -> 0, maxIdleTimeExcessConnections -> 0, maxPoolSize -> 15, maxStatements -> 0, maxStatementsPerConnection -> 0, minPoolSize -> 3, numHelperThreads -> 3, numThreadsAwaitingCheckoutDefaultUser -> 0, preferredTestQuery -> null, properties -> {user=******, password=******}, propertyCycle -> 0, testConnectionOnCheckin -> false, testConnectionOnCheckout -> false, unreturnedConnectionTimeout -> 0, usesTraditionalReflectiveProxies -> false ]
2020-08-22 11:11:55,861 2326   [       Thread-1] INFO  port.GenericApplicationContext  - Closing org.springframework.context.support.GenericApplicationContext@22a67b4: startup date [Sat Aug 22 11:11:53 CST 2020]; root of context hierarchy
2020-08-22 11:21:59,135 0      [           main] INFO  DefaultTestContextBootstrapper  - Loaded default TestExecutionListener class names from location [META-INF/spring.factories]: [org.springframework.test.context.web.ServletTestExecutionListener, org.springframework.test.context.support.DirtiesContextBeforeModesTestExecutionListener, org.springframework.test.context.support.DependencyInjectionTestExecutionListener, org.springframework.test.context.support.DirtiesContextTestExecutionListener, org.springframework.test.context.transaction.TransactionalTestExecutionListener, org.springframework.test.context.jdbc.SqlScriptsTestExecutionListener]
2020-08-22 11:21:59,151 16     [           main] INFO  DefaultTestContextBootstrapper  - Using TestExecutionListeners: [org.springframework.test.context.web.ServletTestExecutionListener@5cb9f472, org.springframework.test.context.support.DirtiesContextBeforeModesTestExecutionListener@cb644e, org.springframework.test.context.support.DependencyInjectionTestExecutionListener@13805618, org.springframework.test.context.support.DirtiesContextTestExecutionListener@56ef9176, org.springframework.test.context.transaction.TransactionalTestExecutionListener@4566e5bd, org.springframework.test.context.jdbc.SqlScriptsTestExecutionListener@1ed4004b]
2020-08-22 11:21:59,220 85     [           main] INFO  ry.xml.XmlBeanDefinitionReader  - Loading XML bean definitions from class path resource [applicationContext.xml]
2020-08-22 11:21:59,413 278    [           main] INFO  ry.xml.XmlBeanDefinitionReader  - Loading XML bean definitions from class path resource [springmvc.xml]
2020-08-22 11:21:59,535 400    [           main] INFO  port.GenericApplicationContext  - Refreshing org.springframework.context.support.GenericApplicationContext@22a67b4: startup date [Sat Aug 22 11:21:59 CST 2020]; root of context hierarchy
2020-08-22 11:21:59,863 728    [           main] INFO         com.mchange.v2.log.MLog  - MLog clients using log4j logging.
2020-08-22 11:22:00,019 884    [           main] INFO  m.mchange.v2.c3p0.C3P0Registry  - Initializing c3p0-0.9.1.2 [built 21-May-2007 15:04:56; debug? true; trace: 10]
2020-08-22 11:22:00,591 1456   [           main] INFO  andler.SimpleUrlHandlerMapping  - Mapped URL path [/**] onto handler 'org.springframework.web.servlet.resource.DefaultServletHttpRequestHandler#0'
2020-08-22 11:22:00,651 1516   [           main] INFO  n.RequestMappingHandlerMapping  - Mapped "{[/emps]}" onto public com.lpbcode.domain.Msg com.lpbcode.controller.EmployeeController.getEmpsWithJson(java.lang.Integer)
2020-08-22 11:22:00,651 1516   [           main] INFO  n.RequestMappingHandlerMapping  - Mapped "{[/test]}" onto public java.lang.String com.lpbcode.controller.EmployeeController.testTo()
2020-08-22 11:22:00,863 1728   [           main] INFO  n.RequestMappingHandlerAdapter  - Looking for @ControllerAdvice: org.springframework.context.support.GenericApplicationContext@22a67b4: startup date [Sat Aug 22 11:21:59 CST 2020]; root of context hierarchy
2020-08-22 11:22:00,899 1764   [           main] INFO  n.RequestMappingHandlerAdapter  - Looking for @ControllerAdvice: org.springframework.context.support.GenericApplicationContext@22a67b4: startup date [Sat Aug 22 11:21:59 CST 2020]; root of context hierarchy
2020-08-22 11:22:00,989 1854   [           main] INFO  l.AbstractPoolBackedDataSource  - Initializing c3p0 pool... com.mchange.v2.c3p0.ComboPooledDataSource [ acquireIncrement -> 3, acquireRetryAttempts -> 30, acquireRetryDelay -> 1000, autoCommitOnClose -> false, automaticTestTable -> null, breakAfterAcquireFailure -> false, checkoutTimeout -> 0, connectionCustomizerClassName -> null, connectionTesterClassName -> com.mchange.v2.c3p0.impl.DefaultConnectionTester, dataSourceName -> 1hge0yyac5ln7m51xr1564|60bd273d, debugUnreturnedConnectionStackTraces -> false, description -> null, driverClass -> com.mysql.jdbc.Driver, factoryClassLocation -> null, forceIgnoreUnresolvedTransactions -> false, identityToken -> 1hge0yyac5ln7m51xr1564|60bd273d, idleConnectionTestPeriod -> 0, initialPoolSize -> 3, jdbcUrl -> jdbc:mysql://localhost:3306/ssm2, maxAdministrativeTaskTime -> 0, maxConnectionAge -> 0, maxIdleTime -> 0, maxIdleTimeExcessConnections -> 0, maxPoolSize -> 15, maxStatements -> 0, maxStatementsPerConnection -> 0, minPoolSize -> 3, numHelperThreads -> 3, numThreadsAwaitingCheckoutDefaultUser -> 0, preferredTestQuery -> null, properties -> {user=******, password=******}, propertyCycle -> 0, testConnectionOnCheckin -> false, testConnectionOnCheckout -> false, unreturnedConnectionTimeout -> 0, usesTraditionalReflectiveProxies -> false ]
2020-08-22 11:22:01,194 2059   [       Thread-1] INFO  port.GenericApplicationContext  - Closing org.springframework.context.support.GenericApplicationContext@22a67b4: startup date [Sat Aug 22 11:21:59 CST 2020]; root of context hierarchy
2020-08-22 11:23:00,369 0      [           main] INFO  DefaultTestContextBootstrapper  - Loaded default TestExecutionListener class names from location [META-INF/spring.factories]: [org.springframework.test.context.web.ServletTestExecutionListener, org.springframework.test.context.support.DirtiesContextBeforeModesTestExecutionListener, org.springframework.test.context.support.DependencyInjectionTestExecutionListener, org.springframework.test.context.support.DirtiesContextTestExecutionListener, org.springframework.test.context.transaction.TransactionalTestExecutionListener, org.springframework.test.context.jdbc.SqlScriptsTestExecutionListener]
2020-08-22 11:23:00,385 16     [           main] INFO  DefaultTestContextBootstrapper  - Using TestExecutionListeners: [org.springframework.test.context.web.ServletTestExecutionListener@5cb9f472, org.springframework.test.context.support.DirtiesContextBeforeModesTestExecutionListener@cb644e, org.springframework.test.context.support.DependencyInjectionTestExecutionListener@13805618, org.springframework.test.context.support.DirtiesContextTestExecutionListener@56ef9176, org.springframework.test.context.transaction.TransactionalTestExecutionListener@4566e5bd, org.springframework.test.context.jdbc.SqlScriptsTestExecutionListener@1ed4004b]
2020-08-22 11:23:00,442 73     [           main] INFO  ry.xml.XmlBeanDefinitionReader  - Loading XML bean definitions from class path resource [applicationContext.xml]
2020-08-22 11:23:00,633 264    [           main] INFO  ry.xml.XmlBeanDefinitionReader  - Loading XML bean definitions from class path resource [springmvc.xml]
2020-08-22 11:23:00,696 327    [           main] INFO  port.GenericApplicationContext  - Refreshing org.springframework.context.support.GenericApplicationContext@22a67b4: startup date [Sat Aug 22 11:23:00 CST 2020]; root of context hierarchy
2020-08-22 11:23:00,970 601    [           main] INFO         com.mchange.v2.log.MLog  - MLog clients using log4j logging.
2020-08-22 11:23:01,183 814    [           main] INFO  m.mchange.v2.c3p0.C3P0Registry  - Initializing c3p0-0.9.1.2 [built 21-May-2007 15:04:56; debug? true; trace: 10]
2020-08-22 11:23:01,813 1444   [           main] INFO  andler.SimpleUrlHandlerMapping  - Mapped URL path [/**] onto handler 'org.springframework.web.servlet.resource.DefaultServletHttpRequestHandler#0'
2020-08-22 11:23:01,875 1506   [           main] INFO  n.RequestMappingHandlerMapping  - Mapped "{[/test]}" onto public java.lang.String com.lpbcode.controller.EmployeeController.testTo()
2020-08-22 11:23:01,875 1506   [           main] INFO  n.RequestMappingHandlerMapping  - Mapped "{[/emps]}" onto public com.lpbcode.domain.Msg com.lpbcode.controller.EmployeeController.getEmpsWithJson(java.lang.Integer)
2020-08-22 11:23:02,095 1726   [           main] INFO  n.RequestMappingHandlerAdapter  - Looking for @ControllerAdvice: org.springframework.context.support.GenericApplicationContext@22a67b4: startup date [Sat Aug 22 11:23:00 CST 2020]; root of context hierarchy
2020-08-22 11:23:02,131 1762   [           main] INFO  n.RequestMappingHandlerAdapter  - Looking for @ControllerAdvice: org.springframework.context.support.GenericApplicationContext@22a67b4: startup date [Sat Aug 22 11:23:00 CST 2020]; root of context hierarchy
2020-08-22 11:23:02,227 1858   [           main] INFO  l.AbstractPoolBackedDataSource  - Initializing c3p0 pool... com.mchange.v2.c3p0.ComboPooledDataSource [ acquireIncrement -> 3, acquireRetryAttempts -> 30, acquireRetryDelay -> 1000, autoCommitOnClose -> false, automaticTestTable -> null, breakAfterAcquireFailure -> false, checkoutTimeout -> 0, connectionCustomizerClassName -> null, connectionTesterClassName -> com.mchange.v2.c3p0.impl.DefaultConnectionTester, dataSourceName -> 1hge0yyac5loisinp79uu|60bd273d, debugUnreturnedConnectionStackTraces -> false, description -> null, driverClass -> com.mysql.jdbc.Driver, factoryClassLocation -> null, forceIgnoreUnresolvedTransactions -> false, identityToken -> 1hge0yyac5loisinp79uu|60bd273d, idleConnectionTestPeriod -> 0, initialPoolSize -> 3, jdbcUrl -> jdbc:mysql://localhost:3306/ssm2, maxAdministrativeTaskTime -> 0, maxConnectionAge -> 0, maxIdleTime -> 0, maxIdleTimeExcessConnections -> 0, maxPoolSize -> 15, maxStatements -> 0, maxStatementsPerConnection -> 0, minPoolSize -> 3, numHelperThreads -> 3, numThreadsAwaitingCheckoutDefaultUser -> 0, preferredTestQuery -> null, properties -> {user=******, password=******}, propertyCycle -> 0, testConnectionOnCheckin -> false, testConnectionOnCheckout -> false, unreturnedConnectionTimeout -> 0, usesTraditionalReflectiveProxies -> false ]
2020-08-22 11:23:02,439 2070   [       Thread-1] INFO  port.GenericApplicationContext  - Closing org.springframework.context.support.GenericApplicationContext@22a67b4: startup date [Sat Aug 22 11:23:00 CST 2020]; root of context hierarchy
2020-08-22 11:23:58,297 0      [           main] INFO  DefaultTestContextBootstrapper  - Loaded default TestExecutionListener class names from location [META-INF/spring.factories]: [org.springframework.test.context.web.ServletTestExecutionListener, org.springframework.test.context.support.DirtiesContextBeforeModesTestExecutionListener, org.springframework.test.context.support.DependencyInjectionTestExecutionListener, org.springframework.test.context.support.DirtiesContextTestExecutionListener, org.springframework.test.context.transaction.TransactionalTestExecutionListener, org.springframework.test.context.jdbc.SqlScriptsTestExecutionListener]
2020-08-22 11:23:58,313 16     [           main] INFO  DefaultTestContextBootstrapper  - Using TestExecutionListeners: [org.springframework.test.context.web.ServletTestExecutionListener@5cb9f472, org.springframework.test.context.support.DirtiesContextBeforeModesTestExecutionListener@cb644e, org.springframework.test.context.support.DependencyInjectionTestExecutionListener@13805618, org.springframework.test.context.support.DirtiesContextTestExecutionListener@56ef9176, org.springframework.test.context.transaction.TransactionalTestExecutionListener@4566e5bd, org.springframework.test.context.jdbc.SqlScriptsTestExecutionListener@1ed4004b]
2020-08-22 11:23:58,369 72     [           main] INFO  ry.xml.XmlBeanDefinitionReader  - Loading XML bean definitions from class path resource [applicationContext.xml]
2020-08-22 11:23:58,561 264    [           main] INFO  ry.xml.XmlBeanDefinitionReader  - Loading XML bean definitions from class path resource [springmvc.xml]
2020-08-22 11:23:58,627 330    [           main] INFO  port.GenericApplicationContext  - Refreshing org.springframework.context.support.GenericApplicationContext@22a67b4: startup date [Sat Aug 22 11:23:58 CST 2020]; root of context hierarchy
2020-08-22 11:23:58,909 612    [           main] INFO         com.mchange.v2.log.MLog  - MLog clients using log4j logging.
2020-08-22 11:23:59,107 810    [           main] INFO  m.mchange.v2.c3p0.C3P0Registry  - Initializing c3p0-0.9.1.2 [built 21-May-2007 15:04:56; debug? true; trace: 10]
2020-08-22 11:23:59,732 1435   [           main] INFO  andler.SimpleUrlHandlerMapping  - Mapped URL path [/**] onto handler 'org.springframework.web.servlet.resource.DefaultServletHttpRequestHandler#0'
2020-08-22 11:23:59,792 1495   [           main] INFO  n.RequestMappingHandlerMapping  - Mapped "{[/test]}" onto public java.lang.String com.lpbcode.controller.EmployeeController.testTo()
2020-08-22 11:23:59,793 1496   [           main] INFO  n.RequestMappingHandlerMapping  - Mapped "{[/emps]}" onto public com.lpbcode.domain.Msg com.lpbcode.controller.EmployeeController.getEmpsWithJson(java.lang.Integer)
2020-08-22 11:24:00,012 1715   [           main] INFO  n.RequestMappingHandlerAdapter  - Looking for @ControllerAdvice: org.springframework.context.support.GenericApplicationContext@22a67b4: startup date [Sat Aug 22 11:23:58 CST 2020]; root of context hierarchy
2020-08-22 11:24:00,048 1751   [           main] INFO  n.RequestMappingHandlerAdapter  - Looking for @ControllerAdvice: org.springframework.context.support.GenericApplicationContext@22a67b4: startup date [Sat Aug 22 11:23:58 CST 2020]; root of context hierarchy
2020-08-22 11:24:00,143 1846   [           main] INFO  l.AbstractPoolBackedDataSource  - Initializing c3p0 pool... com.mchange.v2.c3p0.ComboPooledDataSource [ acquireIncrement -> 3, acquireRetryAttempts -> 30, acquireRetryDelay -> 1000, autoCommitOnClose -> false, automaticTestTable -> null, breakAfterAcquireFailure -> false, checkoutTimeout -> 0, connectionCustomizerClassName -> null, connectionTesterClassName -> com.mchange.v2.c3p0.impl.DefaultConnectionTester, dataSourceName -> 1hge0yyac5lprhf3ta2cy|60bd273d, debugUnreturnedConnectionStackTraces -> false, description -> null, driverClass -> com.mysql.jdbc.Driver, factoryClassLocation -> null, forceIgnoreUnresolvedTransactions -> false, identityToken -> 1hge0yyac5lprhf3ta2cy|60bd273d, idleConnectionTestPeriod -> 0, initialPoolSize -> 3, jdbcUrl -> jdbc:mysql://localhost:3306/ssm2, maxAdministrativeTaskTime -> 0, maxConnectionAge -> 0, maxIdleTime -> 0, maxIdleTimeExcessConnections -> 0, maxPoolSize -> 15, maxStatements -> 0, maxStatementsPerConnection -> 0, minPoolSize -> 3, numHelperThreads -> 3, numThreadsAwaitingCheckoutDefaultUser -> 0, preferredTestQuery -> null, properties -> {user=******, password=******}, propertyCycle -> 0, testConnectionOnCheckin -> false, testConnectionOnCheckout -> false, unreturnedConnectionTimeout -> 0, usesTraditionalReflectiveProxies -> false ]
2020-08-22 11:24:00,341 2044   [       Thread-1] INFO  port.GenericApplicationContext  - Closing org.springframework.context.support.GenericApplicationContext@22a67b4: startup date [Sat Aug 22 11:23:58 CST 2020]; root of context hierarchy
2020-08-22 11:26:06,374 0      [           main] INFO  DefaultTestContextBootstrapper  - Loaded default TestExecutionListener class names from location [META-INF/spring.factories]: [org.springframework.test.context.web.ServletTestExecutionListener, org.springframework.test.context.support.DirtiesContextBeforeModesTestExecutionListener, org.springframework.test.context.support.DependencyInjectionTestExecutionListener, org.springframework.test.context.support.DirtiesContextTestExecutionListener, org.springframework.test.context.transaction.TransactionalTestExecutionListener, org.springframework.test.context.jdbc.SqlScriptsTestExecutionListener]
2020-08-22 11:26:06,389 15     [           main] INFO  DefaultTestContextBootstrapper  - Using TestExecutionListeners: [org.springframework.test.context.web.ServletTestExecutionListener@5cb9f472, org.springframework.test.context.support.DirtiesContextBeforeModesTestExecutionListener@cb644e, org.springframework.test.context.support.DependencyInjectionTestExecutionListener@13805618, org.springframework.test.context.support.DirtiesContextTestExecutionListener@56ef9176, org.springframework.test.context.transaction.TransactionalTestExecutionListener@4566e5bd, org.springframework.test.context.jdbc.SqlScriptsTestExecutionListener@1ed4004b]
2020-08-22 11:26:06,442 68     [           main] INFO  ry.xml.XmlBeanDefinitionReader  - Loading XML bean definitions from class path resource [applicationContext.xml]
2020-08-22 11:26:06,641 267    [           main] INFO  ry.xml.XmlBeanDefinitionReader  - Loading XML bean definitions from class path resource [springmvc.xml]
2020-08-22 11:26:06,712 338    [           main] INFO  port.GenericApplicationContext  - Refreshing org.springframework.context.support.GenericApplicationContext@22a67b4: startup date [Sat Aug 22 11:26:06 CST 2020]; root of context hierarchy
2020-08-22 11:26:07,047 673    [           main] INFO         com.mchange.v2.log.MLog  - MLog clients using log4j logging.
2020-08-22 11:26:07,207 833    [           main] INFO  m.mchange.v2.c3p0.C3P0Registry  - Initializing c3p0-0.9.1.2 [built 21-May-2007 15:04:56; debug? true; trace: 10]
2020-08-22 11:26:07,773 1399   [           main] INFO  andler.SimpleUrlHandlerMapping  - Mapped URL path [/**] onto handler 'org.springframework.web.servlet.resource.DefaultServletHttpRequestHandler#0'
2020-08-22 11:26:07,828 1454   [           main] INFO  n.RequestMappingHandlerMapping  - Mapped "{[/emps]}" onto public com.lpbcode.domain.Msg com.lpbcode.controller.EmployeeController.getEmpsWithJson(java.lang.Integer)
2020-08-22 11:26:07,829 1455   [           main] INFO  n.RequestMappingHandlerMapping  - Mapped "{[/test]}" onto public java.lang.String com.lpbcode.controller.EmployeeController.testTo()
2020-08-22 11:26:08,046 1672   [           main] INFO  n.RequestMappingHandlerAdapter  - Looking for @ControllerAdvice: org.springframework.context.support.GenericApplicationContext@22a67b4: startup date [Sat Aug 22 11:26:06 CST 2020]; root of context hierarchy
2020-08-22 11:26:08,088 1714   [           main] INFO  n.RequestMappingHandlerAdapter  - Looking for @ControllerAdvice: org.springframework.context.support.GenericApplicationContext@22a67b4: startup date [Sat Aug 22 11:26:06 CST 2020]; root of context hierarchy
2020-08-22 11:26:08,181 1807   [           main] INFO  l.AbstractPoolBackedDataSource  - Initializing c3p0 pool... com.mchange.v2.c3p0.ComboPooledDataSource [ acquireIncrement -> 3, acquireRetryAttempts -> 30, acquireRetryDelay -> 1000, autoCommitOnClose -> false, automaticTestTable -> null, breakAfterAcquireFailure -> false, checkoutTimeout -> 0, connectionCustomizerClassName -> null, connectionTesterClassName -> com.mchange.v2.c3p0.impl.DefaultConnectionTester, dataSourceName -> 1hge0yyac5lsice1ksurkf|534a5a98, debugUnreturnedConnectionStackTraces -> false, description -> null, driverClass -> com.mysql.jdbc.Driver, factoryClassLocation -> null, forceIgnoreUnresolvedTransactions -> false, identityToken -> 1hge0yyac5lsice1ksurkf|534a5a98, idleConnectionTestPeriod -> 0, initialPoolSize -> 3, jdbcUrl -> jdbc:mysql://localhost:3306/ssm2, maxAdministrativeTaskTime -> 0, maxConnectionAge -> 0, maxIdleTime -> 0, maxIdleTimeExcessConnections -> 0, maxPoolSize -> 15, maxStatements -> 0, maxStatementsPerConnection -> 0, minPoolSize -> 3, numHelperThreads -> 3, numThreadsAwaitingCheckoutDefaultUser -> 0, preferredTestQuery -> null, properties -> {user=******, password=******}, propertyCycle -> 0, testConnectionOnCheckin -> false, testConnectionOnCheckout -> false, unreturnedConnectionTimeout -> 0, usesTraditionalReflectiveProxies -> false ]
2020-08-22 11:26:08,379 2005   [       Thread-1] INFO  port.GenericApplicationContext  - Closing org.springframework.context.support.GenericApplicationContext@22a67b4: startup date [Sat Aug 22 11:26:06 CST 2020]; root of context hierarchy
2020-08-22 11:36:11,502 0      [           main] INFO  DefaultTestContextBootstrapper  - Loaded default TestExecutionListener class names from location [META-INF/spring.factories]: [org.springframework.test.context.web.ServletTestExecutionListener, org.springframework.test.context.support.DirtiesContextBeforeModesTestExecutionListener, org.springframework.test.context.support.DependencyInjectionTestExecutionListener, org.springframework.test.context.support.DirtiesContextTestExecutionListener, org.springframework.test.context.transaction.TransactionalTestExecutionListener, org.springframework.test.context.jdbc.SqlScriptsTestExecutionListener]
2020-08-22 11:36:11,518 16     [           main] INFO  DefaultTestContextBootstrapper  - Using TestExecutionListeners: [org.springframework.test.context.web.ServletTestExecutionListener@5cb9f472, org.springframework.test.context.support.DirtiesContextBeforeModesTestExecutionListener@cb644e, org.springframework.test.context.support.DependencyInjectionTestExecutionListener@13805618, org.springframework.test.context.support.DirtiesContextTestExecutionListener@56ef9176, org.springframework.test.context.transaction.TransactionalTestExecutionListener@4566e5bd, org.springframework.test.context.jdbc.SqlScriptsTestExecutionListener@1ed4004b]
2020-08-22 11:36:11,587 85     [           main] INFO  ry.xml.XmlBeanDefinitionReader  - Loading XML bean definitions from class path resource [applicationContext.xml]
2020-08-22 11:36:11,779 277    [           main] INFO  ry.xml.XmlBeanDefinitionReader  - Loading XML bean definitions from class path resource [springmvc.xml]
2020-08-22 11:36:11,906 404    [           main] INFO  port.GenericApplicationContext  - Refreshing org.springframework.context.support.GenericApplicationContext@22a67b4: startup date [Sat Aug 22 11:36:11 CST 2020]; root of context hierarchy
2020-08-22 11:36:12,225 723    [           main] INFO         com.mchange.v2.log.MLog  - MLog clients using log4j logging.
2020-08-22 11:36:12,392 890    [           main] INFO  m.mchange.v2.c3p0.C3P0Registry  - Initializing c3p0-0.9.1.2 [built 21-May-2007 15:04:56; debug? true; trace: 10]
2020-08-22 11:36:13,021 1519   [           main] INFO  andler.SimpleUrlHandlerMapping  - Mapped URL path [/**] onto handler 'org.springframework.web.servlet.resource.DefaultServletHttpRequestHandler#0'
2020-08-22 11:36:13,093 1591   [           main] INFO  n.RequestMappingHandlerMapping  - Mapped "{[/dept]}" onto public com.lpbcode.domain.Msg com.lpbcode.controller.DepartmentController.getDeptWithJson()
2020-08-22 11:36:13,094 1592   [           main] INFO  n.RequestMappingHandlerMapping  - Mapped "{[/emps]}" onto public com.lpbcode.domain.Msg com.lpbcode.controller.EmployeeController.getEmpsWithJson(java.lang.Integer)
2020-08-22 11:36:13,094 1592   [           main] INFO  n.RequestMappingHandlerMapping  - Mapped "{[/test]}" onto public java.lang.String com.lpbcode.controller.EmployeeController.testTo()
2020-08-22 11:36:13,328 1826   [           main] INFO  n.RequestMappingHandlerAdapter  - Looking for @ControllerAdvice: org.springframework.context.support.GenericApplicationContext@22a67b4: startup date [Sat Aug 22 11:36:11 CST 2020]; root of context hierarchy
2020-08-22 11:36:13,366 1864   [           main] INFO  n.RequestMappingHandlerAdapter  - Looking for @ControllerAdvice: org.springframework.context.support.GenericApplicationContext@22a67b4: startup date [Sat Aug 22 11:36:11 CST 2020]; root of context hierarchy
2020-08-22 11:36:13,460 1958   [           main] INFO  l.AbstractPoolBackedDataSource  - Initializing c3p0 pool... com.mchange.v2.c3p0.ComboPooledDataSource [ acquireIncrement -> 3, acquireRetryAttempts -> 30, acquireRetryDelay -> 1000, autoCommitOnClose -> false, automaticTestTable -> null, breakAfterAcquireFailure -> false, checkoutTimeout -> 0, connectionCustomizerClassName -> null, connectionTesterClassName -> com.mchange.v2.c3p0.impl.DefaultConnectionTester, dataSourceName -> 1hge0yyac5m5hawf1dz4m|130c12b7, debugUnreturnedConnectionStackTraces -> false, description -> null, driverClass -> com.mysql.jdbc.Driver, factoryClassLocation -> null, forceIgnoreUnresolvedTransactions -> false, identityToken -> 1hge0yyac5m5hawf1dz4m|130c12b7, idleConnectionTestPeriod -> 0, initialPoolSize -> 3, jdbcUrl -> jdbc:mysql://localhost:3306/ssm2, maxAdministrativeTaskTime -> 0, maxConnectionAge -> 0, maxIdleTime -> 0, maxIdleTimeExcessConnections -> 0, maxPoolSize -> 15, maxStatements -> 0, maxStatementsPerConnection -> 0, minPoolSize -> 3, numHelperThreads -> 3, numThreadsAwaitingCheckoutDefaultUser -> 0, preferredTestQuery -> null, properties -> {user=******, password=******}, propertyCycle -> 0, testConnectionOnCheckin -> false, testConnectionOnCheckout -> false, unreturnedConnectionTimeout -> 0, usesTraditionalReflectiveProxies -> false ]
2020-08-22 11:36:13,670 2168   [       Thread-1] INFO  port.GenericApplicationContext  - Closing org.springframework.context.support.GenericApplicationContext@22a67b4: startup date [Sat Aug 22 11:36:11 CST 2020]; root of context hierarchy
2020-08-22 11:37:24,317 0      [           main] INFO  DefaultTestContextBootstrapper  - Loaded default TestExecutionListener class names from location [META-INF/spring.factories]: [org.springframework.test.context.web.ServletTestExecutionListener, org.springframework.test.context.support.DirtiesContextBeforeModesTestExecutionListener, org.springframework.test.context.support.DependencyInjectionTestExecutionListener, org.springframework.test.context.support.DirtiesContextTestExecutionListener, org.springframework.test.context.transaction.TransactionalTestExecutionListener, org.springframework.test.context.jdbc.SqlScriptsTestExecutionListener]
2020-08-22 11:37:24,335 18     [           main] INFO  DefaultTestContextBootstrapper  - Using TestExecutionListeners: [org.springframework.test.context.web.ServletTestExecutionListener@5cb9f472, org.springframework.test.context.support.DirtiesContextBeforeModesTestExecutionListener@cb644e, org.springframework.test.context.support.DependencyInjectionTestExecutionListener@13805618, org.springframework.test.context.support.DirtiesContextTestExecutionListener@56ef9176, org.springframework.test.context.transaction.TransactionalTestExecutionListener@4566e5bd, org.springframework.test.context.jdbc.SqlScriptsTestExecutionListener@1ed4004b]
2020-08-22 11:37:24,395 78     [           main] INFO  ry.xml.XmlBeanDefinitionReader  - Loading XML bean definitions from class path resource [applicationContext.xml]
2020-08-22 11:37:24,605 288    [           main] INFO  ry.xml.XmlBeanDefinitionReader  - Loading XML bean definitions from class path resource [springmvc.xml]
2020-08-22 11:37:24,679 362    [           main] INFO  port.GenericApplicationContext  - Refreshing org.springframework.context.support.GenericApplicationContext@22a67b4: startup date [Sat Aug 22 11:37:24 CST 2020]; root of context hierarchy
2020-08-22 11:37:24,967 650    [           main] INFO         com.mchange.v2.log.MLog  - MLog clients using log4j logging.
2020-08-22 11:37:25,159 842    [           main] INFO  m.mchange.v2.c3p0.C3P0Registry  - Initializing c3p0-0.9.1.2 [built 21-May-2007 15:04:56; debug? true; trace: 10]
2020-08-22 11:37:25,849 1532   [           main] INFO  andler.SimpleUrlHandlerMapping  - Mapped URL path [/**] onto handler 'org.springframework.web.servlet.resource.DefaultServletHttpRequestHandler#0'
2020-08-22 11:37:25,909 1592   [           main] INFO  n.RequestMappingHandlerMapping  - Mapped "{[/dept]}" onto public com.lpbcode.domain.Msg com.lpbcode.controller.DepartmentController.getDeptWithJson()
2020-08-22 11:37:25,910 1593   [           main] INFO  n.RequestMappingHandlerMapping  - Mapped "{[/test]}" onto public java.lang.String com.lpbcode.controller.EmployeeController.testTo()
2020-08-22 11:37:25,910 1593   [           main] INFO  n.RequestMappingHandlerMapping  - Mapped "{[/emps]}" onto public com.lpbcode.domain.Msg com.lpbcode.controller.EmployeeController.getEmpsWithJson(java.lang.Integer)
2020-08-22 11:37:26,149 1832   [           main] INFO  n.RequestMappingHandlerAdapter  - Looking for @ControllerAdvice: org.springframework.context.support.GenericApplicationContext@22a67b4: startup date [Sat Aug 22 11:37:24 CST 2020]; root of context hierarchy
2020-08-22 11:37:26,193 1876   [           main] INFO  n.RequestMappingHandlerAdapter  - Looking for @ControllerAdvice: org.springframework.context.support.GenericApplicationContext@22a67b4: startup date [Sat Aug 22 11:37:24 CST 2020]; root of context hierarchy
2020-08-22 11:37:26,286 1969   [           main] INFO  l.AbstractPoolBackedDataSource  - Initializing c3p0 pool... com.mchange.v2.c3p0.ComboPooledDataSource [ acquireIncrement -> 3, acquireRetryAttempts -> 30, acquireRetryDelay -> 1000, autoCommitOnClose -> false, automaticTestTable -> null, breakAfterAcquireFailure -> false, checkoutTimeout -> 0, connectionCustomizerClassName -> null, connectionTesterClassName -> com.mchange.v2.c3p0.impl.DefaultConnectionTester, dataSourceName -> 1hge0yyac5m71g11n09vzq|130c12b7, debugUnreturnedConnectionStackTraces -> false, description -> null, driverClass -> com.mysql.jdbc.Driver, factoryClassLocation -> null, forceIgnoreUnresolvedTransactions -> false, identityToken -> 1hge0yyac5m71g11n09vzq|130c12b7, idleConnectionTestPeriod -> 0, initialPoolSize -> 3, jdbcUrl -> jdbc:mysql://localhost:3306/ssm2, maxAdministrativeTaskTime -> 0, maxConnectionAge -> 0, maxIdleTime -> 0, maxIdleTimeExcessConnections -> 0, maxPoolSize -> 15, maxStatements -> 0, maxStatementsPerConnection -> 0, minPoolSize -> 3, numHelperThreads -> 3, numThreadsAwaitingCheckoutDefaultUser -> 0, preferredTestQuery -> null, properties -> {user=******, password=******}, propertyCycle -> 0, testConnectionOnCheckin -> false, testConnectionOnCheckout -> false, unreturnedConnectionTimeout -> 0, usesTraditionalReflectiveProxies -> false ]
2020-08-22 11:37:26,498 2181   [       Thread-1] INFO  port.GenericApplicationContext  - Closing org.springframework.context.support.GenericApplicationContext@22a67b4: startup date [Sat Aug 22 11:37:24 CST 2020]; root of context hierarchy
2020-08-22 11:41:16,857 0      [           main] INFO  DefaultTestContextBootstrapper  - Loaded default TestExecutionListener class names from location [META-INF/spring.factories]: [org.springframework.test.context.web.ServletTestExecutionListener, org.springframework.test.context.support.DirtiesContextBeforeModesTestExecutionListener, org.springframework.test.context.support.DependencyInjectionTestExecutionListener, org.springframework.test.context.support.DirtiesContextTestExecutionListener, org.springframework.test.context.transaction.TransactionalTestExecutionListener, org.springframework.test.context.jdbc.SqlScriptsTestExecutionListener]
2020-08-22 11:41:16,874 17     [           main] INFO  DefaultTestContextBootstrapper  - Using TestExecutionListeners: [org.springframework.test.context.web.ServletTestExecutionListener@5cb9f472, org.springframework.test.context.support.DirtiesContextBeforeModesTestExecutionListener@cb644e, org.springframework.test.context.support.DependencyInjectionTestExecutionListener@13805618, org.springframework.test.context.support.DirtiesContextTestExecutionListener@56ef9176, org.springframework.test.context.transaction.TransactionalTestExecutionListener@4566e5bd, org.springframework.test.context.jdbc.SqlScriptsTestExecutionListener@1ed4004b]
2020-08-22 11:41:16,936 79     [           main] INFO  ry.xml.XmlBeanDefinitionReader  - Loading XML bean definitions from class path resource [applicationContext.xml]
2020-08-22 11:41:17,135 278    [           main] INFO  ry.xml.XmlBeanDefinitionReader  - Loading XML bean definitions from class path resource [springmvc.xml]
2020-08-22 11:41:17,207 350    [           main] INFO  port.GenericApplicationContext  - Refreshing org.springframework.context.support.GenericApplicationContext@22a67b4: startup date [Sat Aug 22 11:41:17 CST 2020]; root of context hierarchy
2020-08-22 11:41:17,563 706    [           main] INFO         com.mchange.v2.log.MLog  - MLog clients using log4j logging.
2020-08-22 11:41:17,746 889    [           main] INFO  m.mchange.v2.c3p0.C3P0Registry  - Initializing c3p0-0.9.1.2 [built 21-May-2007 15:04:56; debug? true; trace: 10]
2020-08-22 11:41:18,457 1600   [           main] INFO  andler.SimpleUrlHandlerMapping  - Mapped URL path [/**] onto handler 'org.springframework.web.servlet.resource.DefaultServletHttpRequestHandler#0'
2020-08-22 11:41:18,516 1659   [           main] INFO  n.RequestMappingHandlerMapping  - Mapped "{[/dept]}" onto public com.lpbcode.domain.Msg com.lpbcode.controller.DepartmentController.getDeptWithJson()
2020-08-22 11:41:18,517 1660   [           main] INFO  n.RequestMappingHandlerMapping  - Mapped "{[/test]}" onto public java.lang.String com.lpbcode.controller.EmployeeController.testTo()
2020-08-22 11:41:18,517 1660   [           main] INFO  n.RequestMappingHandlerMapping  - Mapped "{[/emps]}" onto public com.lpbcode.domain.Msg com.lpbcode.controller.EmployeeController.getEmpsWithJson(java.lang.Integer)
2020-08-22 11:41:18,766 1909   [           main] INFO  n.RequestMappingHandlerAdapter  - Looking for @ControllerAdvice: org.springframework.context.support.GenericApplicationContext@22a67b4: startup date [Sat Aug 22 11:41:17 CST 2020]; root of context hierarchy
2020-08-22 11:41:18,801 1944   [           main] INFO  n.RequestMappingHandlerAdapter  - Looking for @ControllerAdvice: org.springframework.context.support.GenericApplicationContext@22a67b4: startup date [Sat Aug 22 11:41:17 CST 2020]; root of context hierarchy
2020-08-22 11:41:18,893 2036   [           main] INFO  l.AbstractPoolBackedDataSource  - Initializing c3p0 pool... com.mchange.v2.c3p0.ComboPooledDataSource [ acquireIncrement -> 3, acquireRetryAttempts -> 30, acquireRetryDelay -> 1000, autoCommitOnClose -> false, automaticTestTable -> null, breakAfterAcquireFailure -> false, checkoutTimeout -> 0, connectionCustomizerClassName -> null, connectionTesterClassName -> com.mchange.v2.c3p0.impl.DefaultConnectionTester, dataSourceName -> 1hge0yyac5mc0wj14yjz56|130c12b7, debugUnreturnedConnectionStackTraces -> false, description -> null, driverClass -> com.mysql.jdbc.Driver, factoryClassLocation -> null, forceIgnoreUnresolvedTransactions -> false, identityToken -> 1hge0yyac5mc0wj14yjz56|130c12b7, idleConnectionTestPeriod -> 0, initialPoolSize -> 3, jdbcUrl -> jdbc:mysql://localhost:3306/ssm2, maxAdministrativeTaskTime -> 0, maxConnectionAge -> 0, maxIdleTime -> 0, maxIdleTimeExcessConnections -> 0, maxPoolSize -> 15, maxStatements -> 0, maxStatementsPerConnection -> 0, minPoolSize -> 3, numHelperThreads -> 3, numThreadsAwaitingCheckoutDefaultUser -> 0, preferredTestQuery -> null, properties -> {user=******, password=******}, propertyCycle -> 0, testConnectionOnCheckin -> false, testConnectionOnCheckout -> false, unreturnedConnectionTimeout -> 0, usesTraditionalReflectiveProxies -> false ]
2020-08-22 11:41:19,098 2241   [       Thread-1] INFO  port.GenericApplicationContext  - Closing org.springframework.context.support.GenericApplicationContext@22a67b4: startup date [Sat Aug 22 11:41:17 CST 2020]; root of context hierarchy
2020-08-22 11:44:36,647 0      [           main] INFO  DefaultTestContextBootstrapper  - Loaded default TestExecutionListener class names from location [META-INF/spring.factories]: [org.springframework.test.context.web.ServletTestExecutionListener, org.springframework.test.context.support.DirtiesContextBeforeModesTestExecutionListener, org.springframework.test.context.support.DependencyInjectionTestExecutionListener, org.springframework.test.context.support.DirtiesContextTestExecutionListener, org.springframework.test.context.transaction.TransactionalTestExecutionListener, org.springframework.test.context.jdbc.SqlScriptsTestExecutionListener]
2020-08-22 11:44:36,664 17     [           main] INFO  DefaultTestContextBootstrapper  - Using TestExecutionListeners: [org.springframework.test.context.web.ServletTestExecutionListener@5cb9f472, org.springframework.test.context.support.DirtiesContextBeforeModesTestExecutionListener@cb644e, org.springframework.test.context.support.DependencyInjectionTestExecutionListener@13805618, org.springframework.test.context.support.DirtiesContextTestExecutionListener@56ef9176, org.springframework.test.context.transaction.TransactionalTestExecutionListener@4566e5bd, org.springframework.test.context.jdbc.SqlScriptsTestExecutionListener@1ed4004b]
2020-08-22 11:44:36,730 83     [           main] INFO  ry.xml.XmlBeanDefinitionReader  - Loading XML bean definitions from class path resource [applicationContext.xml]
2020-08-22 11:44:36,933 286    [           main] INFO  ry.xml.XmlBeanDefinitionReader  - Loading XML bean definitions from class path resource [springmvc.xml]
2020-08-22 11:44:37,046 399    [           main] INFO  port.GenericApplicationContext  - Refreshing org.springframework.context.support.GenericApplicationContext@22a67b4: startup date [Sat Aug 22 11:44:37 CST 2020]; root of context hierarchy
2020-08-22 11:44:37,410 763    [           main] INFO         com.mchange.v2.log.MLog  - MLog clients using log4j logging.
2020-08-22 11:44:37,753 1106   [           main] INFO  m.mchange.v2.c3p0.C3P0Registry  - Initializing c3p0-0.9.1.2 [built 21-May-2007 15:04:56; debug? true; trace: 10]
2020-08-22 11:44:38,454 1807   [           main] INFO  andler.SimpleUrlHandlerMapping  - Mapped URL path [/**] onto handler 'org.springframework.web.servlet.resource.DefaultServletHttpRequestHandler#0'
2020-08-22 11:44:38,517 1870   [           main] INFO  n.RequestMappingHandlerMapping  - Mapped "{[/dept]}" onto public com.lpbcode.domain.Msg com.lpbcode.controller.DepartmentController.getDeptWithJson()
2020-08-22 11:44:38,518 1871   [           main] INFO  n.RequestMappingHandlerMapping  - Mapped "{[/emps]}" onto public com.lpbcode.domain.Msg com.lpbcode.controller.EmployeeController.getEmpsWithJson(java.lang.Integer)
2020-08-22 11:44:38,518 1871   [           main] INFO  n.RequestMappingHandlerMapping  - Mapped "{[/test]}" onto public java.lang.String com.lpbcode.controller.EmployeeController.testTo()
2020-08-22 11:44:38,787 2140   [           main] INFO  n.RequestMappingHandlerAdapter  - Looking for @ControllerAdvice: org.springframework.context.support.GenericApplicationContext@22a67b4: startup date [Sat Aug 22 11:44:37 CST 2020]; root of context hierarchy
2020-08-22 11:44:38,823 2176   [           main] INFO  n.RequestMappingHandlerAdapter  - Looking for @ControllerAdvice: org.springframework.context.support.GenericApplicationContext@22a67b4: startup date [Sat Aug 22 11:44:37 CST 2020]; root of context hierarchy
2020-08-22 11:44:38,921 2274   [           main] INFO  l.AbstractPoolBackedDataSource  - Initializing c3p0 pool... com.mchange.v2.c3p0.ComboPooledDataSource [ acquireIncrement -> 3, acquireRetryAttempts -> 30, acquireRetryDelay -> 1000, autoCommitOnClose -> false, automaticTestTable -> null, breakAfterAcquireFailure -> false, checkoutTimeout -> 0, connectionCustomizerClassName -> null, connectionTesterClassName -> com.mchange.v2.c3p0.impl.DefaultConnectionTester, dataSourceName -> 1hge0yyac5mgb411p9wh2a|130c12b7, debugUnreturnedConnectionStackTraces -> false, description -> null, driverClass -> com.mysql.jdbc.Driver, factoryClassLocation -> null, forceIgnoreUnresolvedTransactions -> false, identityToken -> 1hge0yyac5mgb411p9wh2a|130c12b7, idleConnectionTestPeriod -> 0, initialPoolSize -> 3, jdbcUrl -> jdbc:mysql://localhost:3306/ssm2, maxAdministrativeTaskTime -> 0, maxConnectionAge -> 0, maxIdleTime -> 0, maxIdleTimeExcessConnections -> 0, maxPoolSize -> 15, maxStatements -> 0, maxStatementsPerConnection -> 0, minPoolSize -> 3, numHelperThreads -> 3, numThreadsAwaitingCheckoutDefaultUser -> 0, preferredTestQuery -> null, properties -> {user=******, password=******}, propertyCycle -> 0, testConnectionOnCheckin -> false, testConnectionOnCheckout -> false, unreturnedConnectionTimeout -> 0, usesTraditionalReflectiveProxies -> false ]
2020-08-22 11:44:39,124 2477   [       Thread-1] INFO  port.GenericApplicationContext  - Closing org.springframework.context.support.GenericApplicationContext@22a67b4: startup date [Sat Aug 22 11:44:37 CST 2020]; root of context hierarchy
